{"C:\\Users\\Usuario\\Desktop\\WorthShelf\\hexgate\\src\\app.controller.ts": {"path":"C:\\Users\\Usuario\\Desktop\\WorthShelf\\hexgate\\src\\app.controller.ts","statementMap":{"0":{"start":{"line":1,"column":0},"end":{"line":1,"column":49}},"1":{"start":{"line":2,"column":0},"end":{"line":2,"column":43}},"2":{"start":{"line":5,"column":7},"end":{"line":12,"column":null}},"3":{"start":{"line":6,"column":31},"end":{"line":6,"column":43}},"4":{"start":{"line":10,"column":4},"end":{"line":10,"column":38}},"5":{"start":{"line":5,"column":13},"end":{"line":5,"column":26}},"6":{"start":{"line":9,"column":2},"end":{"line":11,"column":null}},"7":{"start":{"line":5,"column":13},"end":{"line":12,"column":null}}},"fnMap":{"0":{"name":"(anonymous_2)","decl":{"start":{"line":6,"column":2},"end":{"line":6,"column":31}},"loc":{"start":{"line":6,"column":53},"end":{"line":6,"column":57}}},"1":{"name":"(anonymous_3)","decl":{"start":{"line":9,"column":2},"end":{"line":9,"column":10}},"loc":{"start":{"line":9,"column":10},"end":{"line":11,"column":3}}}},"branchMap":{},"s":{"0":1,"1":1,"2":1,"3":1,"4":1,"5":1,"6":1,"7":1},"f":{"0":1,"1":1},"b":{}}
,"C:\\Users\\Usuario\\Desktop\\WorthShelf\\hexgate\\src\\app.service.ts": {"path":"C:\\Users\\Usuario\\Desktop\\WorthShelf\\hexgate\\src\\app.service.ts","statementMap":{"0":{"start":{"line":1,"column":0},"end":{"line":1,"column":44}},"1":{"start":{"line":4,"column":7},"end":{"line":8,"column":null}},"2":{"start":{"line":6,"column":4},"end":{"line":6,"column":26}},"3":{"start":{"line":4,"column":13},"end":{"line":4,"column":23}},"4":{"start":{"line":4,"column":13},"end":{"line":8,"column":null}}},"fnMap":{"0":{"name":"(anonymous_1)","decl":{"start":{"line":5,"column":2},"end":{"line":5,"column":10}},"loc":{"start":{"line":5,"column":10},"end":{"line":7,"column":3}}}},"branchMap":{},"s":{"0":1,"1":1,"2":1,"3":1,"4":1},"f":{"0":1},"b":{}}
,"C:\\Users\\Usuario\\Desktop\\WorthShelf\\hexgate\\src\\context\\costumers\\application\\costumerById\\costumerByIdCase.ts": {"path":"C:\\Users\\Usuario\\Desktop\\WorthShelf\\hexgate\\src\\context\\costumers\\application\\costumerById\\costumerByIdCase.ts","statementMap":{"0":{"start":{"line":1,"column":0},"end":{"line":1,"column":56}},"1":{"start":{"line":2,"column":0},"end":{"line":2,"column":70}},"2":{"start":{"line":3,"column":0},"end":{"line":3,"column":73}},"3":{"start":{"line":4,"column":0},"end":{"line":4,"column":66}},"4":{"start":{"line":6,"column":7},"end":{"line":21,"column":null}},"5":{"start":{"line":7,"column":33},"end":{"line":7,"column":46}},"6":{"start":{"line":10,"column":8},"end":{"line":18,"column":9}},"7":{"start":{"line":11,"column":24},"end":{"line":11,"column":58}},"8":{"start":{"line":12,"column":12},"end":{"line":14,"column":13}},"9":{"start":{"line":13,"column":16},"end":{"line":13,"column":null}},"10":{"start":{"line":15,"column":12},"end":{"line":15,"column":null}},"11":{"start":{"line":17,"column":13},"end":{"line":17,"column":null}},"12":{"start":{"line":6,"column":13},"end":{"line":6,"column":29}},"13":{"start":{"line":6,"column":13},"end":{"line":21,"column":null}}},"fnMap":{"0":{"name":"(anonymous_2)","decl":{"start":{"line":7,"column":4},"end":{"line":7,"column":33}},"loc":{"start":{"line":7,"column":64},"end":{"line":7,"column":67}}},"1":{"name":"(anonymous_3)","decl":{"start":{"line":9,"column":4},"end":{"line":9,"column":9}},"loc":{"start":{"line":9,"column":27},"end":{"line":20,"column":5}}}},"branchMap":{"0":{"loc":{"start":{"line":12,"column":12},"end":{"line":14,"column":13}},"type":"if","locations":[{"start":{"line":12,"column":12},"end":{"line":14,"column":13}}]}},"s":{"0":3,"1":3,"2":3,"3":3,"4":3,"5":3,"6":3,"7":3,"8":2,"9":1,"10":1,"11":1,"12":3,"13":3},"f":{"0":3,"1":3},"b":{"0":[1]}}
,"C:\\Users\\Usuario\\Desktop\\WorthShelf\\hexgate\\src\\context\\costumers\\application\\login\\costumerLoginCase.ts": {"path":"C:\\Users\\Usuario\\Desktop\\WorthShelf\\hexgate\\src\\context\\costumers\\application\\login\\costumerLoginCase.ts","statementMap":{"0":{"start":{"line":1,"column":0},"end":{"line":1,"column":56}},"1":{"start":{"line":2,"column":0},"end":{"line":2,"column":70}},"2":{"start":{"line":4,"column":0},"end":{"line":4,"column":66}},"3":{"start":{"line":5,"column":0},"end":{"line":5,"column":33}},"4":{"start":{"line":6,"column":0},"end":{"line":6,"column":40}},"5":{"start":{"line":8,"column":7},"end":{"line":29,"column":null}},"6":{"start":{"line":9,"column":33},"end":{"line":9,"column":46}},"7":{"start":{"line":9,"column":83},"end":{"line":9,"column":94}},"8":{"start":{"line":11,"column":8},"end":{"line":24,"column":9}},"9":{"start":{"line":12,"column":32},"end":{"line":12,"column":71}},"10":{"start":{"line":13,"column":12},"end":{"line":15,"column":13}},"11":{"start":{"line":14,"column":16},"end":{"line":14,"column":null}},"12":{"start":{"line":16,"column":30},"end":{"line":16,"column":87}},"13":{"start":{"line":17,"column":15},"end":{"line":19,"column":16}},"14":{"start":{"line":18,"column":16},"end":{"line":18,"column":null}},"15":{"start":{"line":20,"column":28},"end":{"line":20,"column":51}},"16":{"start":{"line":21,"column":13},"end":{"line":21,"column":null}},"17":{"start":{"line":23,"column":12},"end":{"line":23,"column":null}},"18":{"start":{"line":27,"column":8},"end":{"line":27,"column":null}},"19":{"start":{"line":8,"column":13},"end":{"line":8,"column":30}},"20":{"start":{"line":8,"column":13},"end":{"line":29,"column":null}}},"fnMap":{"0":{"name":"(anonymous_2)","decl":{"start":{"line":9,"column":4},"end":{"line":9,"column":33}},"loc":{"start":{"line":9,"column":104},"end":{"line":9,"column":107}}},"1":{"name":"(anonymous_3)","decl":{"start":{"line":10,"column":4},"end":{"line":10,"column":9}},"loc":{"start":{"line":10,"column":47},"end":{"line":25,"column":5}}},"2":{"name":"(anonymous_4)","decl":{"start":{"line":26,"column":4},"end":{"line":26,"column":15}},"loc":{"start":{"line":26,"column":27},"end":{"line":28,"column":5}}}},"branchMap":{"0":{"loc":{"start":{"line":13,"column":12},"end":{"line":15,"column":13}},"type":"if","locations":[{"start":{"line":13,"column":12},"end":{"line":15,"column":13}}]},"1":{"loc":{"start":{"line":17,"column":15},"end":{"line":19,"column":16}},"type":"if","locations":[{"start":{"line":17,"column":15},"end":{"line":19,"column":16}}]}},"s":{"0":2,"1":2,"2":2,"3":2,"4":2,"5":2,"6":4,"7":4,"8":4,"9":4,"10":3,"11":1,"12":2,"13":2,"14":1,"15":1,"16":1,"17":1,"18":1,"19":2,"20":2},"f":{"0":4,"1":4,"2":1},"b":{"0":[1],"1":[1]}}
,"C:\\Users\\Usuario\\Desktop\\WorthShelf\\hexgate\\src\\context\\costumers\\constants\\costumers.contants.ts": {"path":"C:\\Users\\Usuario\\Desktop\\WorthShelf\\hexgate\\src\\context\\costumers\\constants\\costumers.contants.ts","statementMap":{"0":{"start":{"line":1,"column":13},"end":{"line":1,"column":null}},"1":{"start":{"line":3,"column":13},"end":{"line":8,"column":null}}},"fnMap":{},"branchMap":{},"s":{"0":5,"1":5},"f":{},"b":{}}
,"C:\\Users\\Usuario\\Desktop\\WorthShelf\\hexgate\\src\\context\\costumers\\domain\\costumer.repository.ts": {"path":"C:\\Users\\Usuario\\Desktop\\WorthShelf\\hexgate\\src\\context\\costumers\\domain\\costumer.repository.ts","statementMap":{"0":{"start":{"line":3,"column":0},"end":{"line":3,"column":22}}},"fnMap":{},"branchMap":{},"s":{"0":5},"f":{},"b":{}}
,"C:\\Users\\Usuario\\Desktop\\WorthShelf\\hexgate\\src\\context\\costumers\\domain\\Internal\\transaction\\TransactionPort.interface.ts": {"path":"C:\\Users\\Usuario\\Desktop\\WorthShelf\\hexgate\\src\\context\\costumers\\domain\\Internal\\transaction\\TransactionPort.interface.ts","statementMap":{"0":{"start":{"line":3,"column":0},"end":{"line":3,"column":22}}},"fnMap":{},"branchMap":{},"s":{"0":2},"f":{},"b":{}}
,"C:\\Users\\Usuario\\Desktop\\WorthShelf\\hexgate\\src\\context\\costumers\\inf\\Http\\getByIdHttp\\getByIdCostumer.controller.ts": {"path":"C:\\Users\\Usuario\\Desktop\\WorthShelf\\hexgate\\src\\context\\costumers\\inf\\Http\\getByIdHttp\\getByIdCostumer.controller.ts","statementMap":{"0":{"start":{"line":1,"column":0},"end":{"line":1,"column":67}},"1":{"start":{"line":2,"column":0},"end":{"line":2,"column":85}},"2":{"start":{"line":3,"column":0},"end":{"line":3,"column":62}},"3":{"start":{"line":4,"column":0},"end":{"line":4,"column":71}},"4":{"start":{"line":7,"column":7},"end":{"line":14,"column":null}},"5":{"start":{"line":8,"column":33},"end":{"line":8,"column":46}},"6":{"start":{"line":11,"column":8},"end":{"line":11,"column":52}},"7":{"start":{"line":7,"column":13},"end":{"line":7,"column":38}},"8":{"start":{"line":10,"column":10},"end":{"line":13,"column":null}},"9":{"start":{"line":7,"column":13},"end":{"line":14,"column":null}}},"fnMap":{"0":{"name":"(anonymous_4)","decl":{"start":{"line":8,"column":4},"end":{"line":8,"column":33}},"loc":{"start":{"line":8,"column":62},"end":{"line":8,"column":65}}},"1":{"name":"(anonymous_5)","decl":{"start":{"line":10,"column":4},"end":{"line":10,"column":9}},"loc":{"start":{"line":10,"column":43},"end":{"line":13,"column":5}}}},"branchMap":{},"s":{"0":1,"1":1,"2":1,"3":1,"4":1,"5":3,"6":3,"7":1,"8":1,"9":1},"f":{"0":3,"1":3},"b":{}}
,"C:\\Users\\Usuario\\Desktop\\WorthShelf\\hexgate\\src\\context\\costumers\\inf\\Http\\loginHttp\\login.controller.ts": {"path":"C:\\Users\\Usuario\\Desktop\\WorthShelf\\hexgate\\src\\context\\costumers\\inf\\Http\\loginHttp\\login.controller.ts","statementMap":{"0":{"start":{"line":1,"column":0},"end":{"line":1,"column":67}},"1":{"start":{"line":2,"column":0},"end":{"line":2,"column":81}},"2":{"start":{"line":3,"column":0},"end":{"line":3,"column":62}},"3":{"start":{"line":4,"column":0},"end":{"line":4,"column":71}},"4":{"start":{"line":8,"column":7},"end":{"line":15,"column":null}},"5":{"start":{"line":9,"column":33},"end":{"line":9,"column":44}},"6":{"start":{"line":12,"column":8},"end":{"line":12,"column":71}},"7":{"start":{"line":8,"column":13},"end":{"line":8,"column":28}},"8":{"start":{"line":11,"column":10},"end":{"line":14,"column":null}},"9":{"start":{"line":8,"column":13},"end":{"line":15,"column":null}}},"fnMap":{"0":{"name":"(anonymous_4)","decl":{"start":{"line":9,"column":4},"end":{"line":9,"column":33}},"loc":{"start":{"line":9,"column":61},"end":{"line":9,"column":64}}},"1":{"name":"(anonymous_5)","decl":{"start":{"line":11,"column":4},"end":{"line":11,"column":9}},"loc":{"start":{"line":11,"column":62},"end":{"line":14,"column":5}}}},"branchMap":{},"s":{"0":1,"1":1,"2":1,"3":1,"4":1,"5":3,"6":3,"7":1,"8":1,"9":1},"f":{"0":3,"1":3},"b":{}}
,"C:\\Users\\Usuario\\Desktop\\WorthShelf\\hexgate\\src\\context\\costumers\\inf\\Internal\\transaction\\transactionadapter.controller.ts": {"path":"C:\\Users\\Usuario\\Desktop\\WorthShelf\\hexgate\\src\\context\\costumers\\inf\\Internal\\transaction\\transactionadapter.controller.ts","statementMap":{"0":{"start":{"line":1,"column":0},"end":{"line":1,"column":44}},"1":{"start":{"line":2,"column":0},"end":{"line":2,"column":86}},"2":{"start":{"line":4,"column":0},"end":{"line":4,"column":97}},"3":{"start":{"line":6,"column":7},"end":{"line":15,"column":null}},"4":{"start":{"line":8,"column":8},"end":{"line":8,"column":16}},"5":{"start":{"line":7,"column":24},"end":{"line":7,"column":37}},"6":{"start":{"line":11,"column":16},"end":{"line":11,"column":57}},"7":{"start":{"line":12,"column":8},"end":{"line":12,"column":null}},"8":{"start":{"line":6,"column":13},"end":{"line":6,"column":31}},"9":{"start":{"line":6,"column":13},"end":{"line":15,"column":null}}},"fnMap":{"0":{"name":"(anonymous_2)","decl":{"start":{"line":7,"column":4},"end":{"line":7,"column":24}},"loc":{"start":{"line":7,"column":53},"end":{"line":9,"column":5}}},"1":{"name":"(anonymous_3)","decl":{"start":{"line":10,"column":3},"end":{"line":10,"column":8}},"loc":{"start":{"line":10,"column":27},"end":{"line":13,"column":5}}}},"branchMap":{"0":{"loc":{"start":{"line":12,"column":15},"end":{"line":12,"column":41}},"type":"cond-expr","locations":[{"start":{"line":12,"column":21},"end":{"line":12,"column":35}},{"start":{"line":12,"column":37},"end":{"line":12,"column":41}}]}},"s":{"0":1,"1":1,"2":1,"3":1,"4":1,"5":1,"6":1,"7":1,"8":1,"9":1},"f":{"0":1,"1":1},"b":{"0":[1,0]}}
,"C:\\Users\\Usuario\\Desktop\\WorthShelf\\hexgate\\src\\context\\delivery\\application\\CreateCase\\DeliveryCreateCase.ts": {"path":"C:\\Users\\Usuario\\Desktop\\WorthShelf\\hexgate\\src\\context\\delivery\\application\\CreateCase\\DeliveryCreateCase.ts","statementMap":{"0":{"start":{"line":1,"column":0},"end":{"line":1,"column":44}},"1":{"start":{"line":2,"column":0},"end":{"line":2,"column":70}},"2":{"start":{"line":6,"column":7},"end":{"line":12,"column":null}},"3":{"start":{"line":7,"column":33},"end":{"line":7,"column":46}},"4":{"start":{"line":10,"column":8},"end":{"line":10,"column":null}},"5":{"start":{"line":6,"column":13},"end":{"line":6,"column":31}},"6":{"start":{"line":6,"column":13},"end":{"line":12,"column":null}}},"fnMap":{"0":{"name":"(anonymous_2)","decl":{"start":{"line":7,"column":4},"end":{"line":7,"column":33}},"loc":{"start":{"line":7,"column":64},"end":{"line":7,"column":67}}},"1":{"name":"(anonymous_3)","decl":{"start":{"line":9,"column":4},"end":{"line":9,"column":9}},"loc":{"start":{"line":9,"column":34},"end":{"line":11,"column":5}}}},"branchMap":{},"s":{"0":2,"1":2,"2":2,"3":1,"4":1,"5":2,"6":2},"f":{"0":1,"1":1},"b":{}}
,"C:\\Users\\Usuario\\Desktop\\WorthShelf\\hexgate\\src\\context\\delivery\\application\\GetByIdCase\\DeliveryGetByIdCase.ts": {"path":"C:\\Users\\Usuario\\Desktop\\WorthShelf\\hexgate\\src\\context\\delivery\\application\\GetByIdCase\\DeliveryGetByIdCase.ts","statementMap":{"0":{"start":{"line":1,"column":0},"end":{"line":1,"column":44}},"1":{"start":{"line":2,"column":0},"end":{"line":2,"column":70}},"2":{"start":{"line":5,"column":7},"end":{"line":11,"column":null}},"3":{"start":{"line":6,"column":33},"end":{"line":6,"column":46}},"4":{"start":{"line":9,"column":8},"end":{"line":9,"column":null}},"5":{"start":{"line":5,"column":13},"end":{"line":5,"column":32}},"6":{"start":{"line":5,"column":13},"end":{"line":11,"column":null}}},"fnMap":{"0":{"name":"(anonymous_2)","decl":{"start":{"line":6,"column":4},"end":{"line":6,"column":33}},"loc":{"start":{"line":6,"column":64},"end":{"line":6,"column":67}}},"1":{"name":"(anonymous_3)","decl":{"start":{"line":8,"column":4},"end":{"line":8,"column":9}},"loc":{"start":{"line":8,"column":27},"end":{"line":10,"column":5}}}},"branchMap":{},"s":{"0":1,"1":1,"2":1,"3":1,"4":1,"5":1,"6":1},"f":{"0":1,"1":1},"b":{}}
,"C:\\Users\\Usuario\\Desktop\\WorthShelf\\hexgate\\src\\context\\delivery\\domain\\delivery.entity.ts": {"path":"C:\\Users\\Usuario\\Desktop\\WorthShelf\\hexgate\\src\\context\\delivery\\domain\\delivery.entity.ts","statementMap":{"0":{"start":{"line":1,"column":0},"end":{"line":1,"column":41}},"1":{"start":{"line":6,"column":24},"end":{"line":6,"column":45}},"2":{"start":{"line":9,"column":8},"end":{"line":11,"column":null}},"3":{"start":{"line":15,"column":8},"end":{"line":15,"column":null}},"4":{"start":{"line":5,"column":0},"end":{"line":5,"column":13}}},"fnMap":{"0":{"name":"(anonymous_0)","decl":{"start":{"line":6,"column":4},"end":{"line":6,"column":24}},"loc":{"start":{"line":6,"column":45},"end":{"line":6,"column":48}}},"1":{"name":"(anonymous_1)","decl":{"start":{"line":8,"column":4},"end":{"line":8,"column":10}},"loc":{"start":{"line":8,"column":44},"end":{"line":12,"column":5}}},"2":{"name":"(anonymous_2)","decl":{"start":{"line":14,"column":4},"end":{"line":14,"column":11}},"loc":{"start":{"line":14,"column":11},"end":{"line":16,"column":5}}}},"branchMap":{"0":{"loc":{"start":{"line":10,"column":18},"end":{"line":10,"column":42}},"type":"binary-expr","locations":[{"start":{"line":10,"column":18},"end":{"line":10,"column":27}},{"start":{"line":10,"column":30},"end":{"line":10,"column":42}}]}},"s":{"0":3,"1":3,"2":3,"3":0,"4":3},"f":{"0":3,"1":3,"2":0},"b":{"0":[3,0]}}
,"C:\\Users\\Usuario\\Desktop\\WorthShelf\\hexgate\\src\\context\\delivery\\domain\\delivery.repository.ts": {"path":"C:\\Users\\Usuario\\Desktop\\WorthShelf\\hexgate\\src\\context\\delivery\\domain\\delivery.repository.ts","statementMap":{"0":{"start":{"line":4,"column":0},"end":{"line":4,"column":22}}},"fnMap":{},"branchMap":{},"s":{"0":3},"f":{},"b":{}}
,"C:\\Users\\Usuario\\Desktop\\WorthShelf\\hexgate\\src\\context\\delivery\\domain\\Internal\\transactionPort.interface.ts": {"path":"C:\\Users\\Usuario\\Desktop\\WorthShelf\\hexgate\\src\\context\\delivery\\domain\\Internal\\transactionPort.interface.ts","statementMap":{"0":{"start":{"line":4,"column":0},"end":{"line":4,"column":22}}},"fnMap":{},"branchMap":{},"s":{"0":2},"f":{},"b":{}}
,"C:\\Users\\Usuario\\Desktop\\WorthShelf\\hexgate\\src\\context\\delivery\\inf\\Internal\\transactionAdapter.controller.ts": {"path":"C:\\Users\\Usuario\\Desktop\\WorthShelf\\hexgate\\src\\context\\delivery\\inf\\Internal\\transactionAdapter.controller.ts","statementMap":{"0":{"start":{"line":1,"column":0},"end":{"line":1,"column":44}},"1":{"start":{"line":2,"column":0},"end":{"line":2,"column":83}},"2":{"start":{"line":5,"column":0},"end":{"line":5,"column":85}},"3":{"start":{"line":8,"column":7},"end":{"line":16,"column":null}},"4":{"start":{"line":10,"column":8},"end":{"line":10,"column":16}},"5":{"start":{"line":9,"column":24},"end":{"line":9,"column":35}},"6":{"start":{"line":13,"column":8},"end":{"line":13,"column":null}},"7":{"start":{"line":8,"column":13},"end":{"line":8,"column":32}},"8":{"start":{"line":8,"column":13},"end":{"line":16,"column":null}}},"fnMap":{"0":{"name":"(anonymous_2)","decl":{"start":{"line":9,"column":4},"end":{"line":9,"column":24}},"loc":{"start":{"line":9,"column":53},"end":{"line":11,"column":5}}},"1":{"name":"(anonymous_3)","decl":{"start":{"line":12,"column":3},"end":{"line":12,"column":8}},"loc":{"start":{"line":12,"column":50},"end":{"line":14,"column":5}}}},"branchMap":{},"s":{"0":1,"1":1,"2":1,"3":1,"4":1,"5":1,"6":1,"7":1,"8":1},"f":{"0":1,"1":1},"b":{}}
,"C:\\Users\\Usuario\\Desktop\\WorthShelf\\hexgate\\src\\context\\shared\\Guards\\jwtGuard.guard.ts": {"path":"C:\\Users\\Usuario\\Desktop\\WorthShelf\\hexgate\\src\\context\\shared\\Guards\\jwtGuard.guard.ts","statementMap":{"0":{"start":{"line":1,"column":0},"end":{"line":1,"column":98}},"1":{"start":{"line":2,"column":0},"end":{"line":2,"column":41}},"2":{"start":{"line":5,"column":7},"end":{"line":35,"column":null}},"3":{"start":{"line":6,"column":31},"end":{"line":6,"column":43}},"4":{"start":{"line":9,"column":20},"end":{"line":9,"column":55}},"5":{"start":{"line":10,"column":18},"end":{"line":10,"column":54}},"6":{"start":{"line":12,"column":4},"end":{"line":14,"column":5}},"7":{"start":{"line":13,"column":6},"end":{"line":13,"column":59}},"8":{"start":{"line":16,"column":4},"end":{"line":21,"column":5}},"9":{"start":{"line":17,"column":22},"end":{"line":17,"column":106}},"10":{"start":{"line":18,"column":6},"end":{"line":18,"column":29}},"11":{"start":{"line":20,"column":6},"end":{"line":20,"column":55}},"12":{"start":{"line":23,"column":4},"end":{"line":23,"column":16}},"13":{"start":{"line":27,"column":23},"end":{"line":27,"column":55}},"14":{"start":{"line":28,"column":4},"end":{"line":30,"column":5}},"15":{"start":{"line":29,"column":6},"end":{"line":29,"column":18}},"16":{"start":{"line":32,"column":22},"end":{"line":32,"column":43}},"17":{"start":{"line":33,"column":4},"end":{"line":33,"column":25}},"18":{"start":{"line":5,"column":13},"end":{"line":5,"column":25}},"19":{"start":{"line":5,"column":13},"end":{"line":35,"column":null}}},"fnMap":{"0":{"name":"(anonymous_2)","decl":{"start":{"line":6,"column":2},"end":{"line":6,"column":31}},"loc":{"start":{"line":6,"column":53},"end":{"line":6,"column":57}}},"1":{"name":"(anonymous_3)","decl":{"start":{"line":8,"column":2},"end":{"line":8,"column":13}},"loc":{"start":{"line":8,"column":39},"end":{"line":24,"column":3}}},"2":{"name":"(anonymous_4)","decl":{"start":{"line":26,"column":10},"end":{"line":26,"column":32}},"loc":{"start":{"line":26,"column":45},"end":{"line":34,"column":3}}}},"branchMap":{"0":{"loc":{"start":{"line":12,"column":4},"end":{"line":14,"column":5}},"type":"if","locations":[{"start":{"line":12,"column":4},"end":{"line":14,"column":5}}]},"1":{"loc":{"start":{"line":17,"column":62},"end":{"line":17,"column":103}},"type":"binary-expr","locations":[{"start":{"line":17,"column":62},"end":{"line":17,"column":84}},{"start":{"line":17,"column":88},"end":{"line":17,"column":103}}]},"2":{"loc":{"start":{"line":28,"column":4},"end":{"line":30,"column":5}},"type":"if","locations":[{"start":{"line":28,"column":4},"end":{"line":30,"column":5}}]},"3":{"loc":{"start":{"line":33,"column":11},"end":{"line":33,"column":24}},"type":"binary-expr","locations":[{"start":{"line":33,"column":11},"end":{"line":33,"column":16}},{"start":{"line":33,"column":20},"end":{"line":33,"column":24}}]}},"s":{"0":3,"1":3,"2":3,"3":3,"4":3,"5":3,"6":3,"7":1,"8":2,"9":2,"10":1,"11":1,"12":1,"13":3,"14":3,"15":1,"16":2,"17":2,"18":3,"19":3},"f":{"0":3,"1":3,"2":3},"b":{"0":[1],"1":[2,2],"2":[1],"3":[2,0]}}
,"C:\\Users\\Usuario\\Desktop\\WorthShelf\\hexgate\\src\\context\\shared\\constants\\general.contants.ts": {"path":"C:\\Users\\Usuario\\Desktop\\WorthShelf\\hexgate\\src\\context\\shared\\constants\\general.contants.ts","statementMap":{"0":{"start":{"line":1,"column":13},"end":{"line":3,"column":null}}},"fnMap":{},"branchMap":{},"s":{"0":13},"f":{},"b":{}}
,"C:\\Users\\Usuario\\Desktop\\WorthShelf\\hexgate\\src\\context\\stock\\Inf\\Http\\GetByIdStock\\getByIdStock.controller.ts": {"path":"C:\\Users\\Usuario\\Desktop\\WorthShelf\\hexgate\\src\\context\\stock\\Inf\\Http\\GetByIdStock\\getByIdStock.controller.ts","statementMap":{"0":{"start":{"line":1,"column":0},"end":{"line":1,"column":55}},"1":{"start":{"line":2,"column":0},"end":{"line":2,"column":80}},"2":{"start":{"line":3,"column":0},"end":{"line":3,"column":57}},"3":{"start":{"line":6,"column":7},"end":{"line":14,"column":null}},"4":{"start":{"line":8,"column":24},"end":{"line":8,"column":33}},"5":{"start":{"line":12,"column":8},"end":{"line":12,"column":null}},"6":{"start":{"line":6,"column":13},"end":{"line":6,"column":35}},"7":{"start":{"line":10,"column":10},"end":{"line":13,"column":null}},"8":{"start":{"line":6,"column":13},"end":{"line":14,"column":null}}},"fnMap":{"0":{"name":"(anonymous_4)","decl":{"start":{"line":8,"column":4},"end":{"line":8,"column":24}},"loc":{"start":{"line":8,"column":49},"end":{"line":8,"column":52}}},"1":{"name":"(anonymous_5)","decl":{"start":{"line":10,"column":4},"end":{"line":10,"column":9}},"loc":{"start":{"line":10,"column":51},"end":{"line":13,"column":5}}}},"branchMap":{},"s":{"0":1,"1":1,"2":1,"3":1,"4":1,"5":1,"6":1,"7":1,"8":1},"f":{"0":1,"1":1},"b":{}}
,"C:\\Users\\Usuario\\Desktop\\WorthShelf\\hexgate\\src\\context\\stock\\Inf\\Http\\GetStocks\\getStocks.controller.ts": {"path":"C:\\Users\\Usuario\\Desktop\\WorthShelf\\hexgate\\src\\context\\stock\\Inf\\Http\\GetStocks\\getStocks.controller.ts","statementMap":{"0":{"start":{"line":1,"column":0},"end":{"line":1,"column":55}},"1":{"start":{"line":3,"column":0},"end":{"line":3,"column":76}},"2":{"start":{"line":4,"column":0},"end":{"line":4,"column":57}},"3":{"start":{"line":7,"column":7},"end":{"line":17,"column":null}},"4":{"start":{"line":9,"column":24},"end":{"line":9,"column":35}},"5":{"start":{"line":12,"column":8},"end":{"line":15,"column":null}},"6":{"start":{"line":7,"column":13},"end":{"line":7,"column":32}},"7":{"start":{"line":11,"column":10},"end":{"line":16,"column":null}},"8":{"start":{"line":7,"column":13},"end":{"line":17,"column":null}}},"fnMap":{"0":{"name":"(anonymous_4)","decl":{"start":{"line":9,"column":4},"end":{"line":9,"column":24}},"loc":{"start":{"line":9,"column":48},"end":{"line":9,"column":51}}},"1":{"name":"(anonymous_5)","decl":{"start":{"line":11,"column":4},"end":{"line":11,"column":9}},"loc":{"start":{"line":11,"column":78},"end":{"line":16,"column":5}}}},"branchMap":{},"s":{"0":1,"1":1,"2":1,"3":1,"4":1,"5":1,"6":1,"7":1,"8":1},"f":{"0":1,"1":1},"b":{}}
,"C:\\Users\\Usuario\\Desktop\\WorthShelf\\hexgate\\src\\context\\stock\\Inf\\Internal\\transactionAdapter.controller.ts": {"path":"C:\\Users\\Usuario\\Desktop\\WorthShelf\\hexgate\\src\\context\\stock\\Inf\\Internal\\transactionAdapter.controller.ts","statementMap":{"0":{"start":{"line":1,"column":0},"end":{"line":1,"column":44}},"1":{"start":{"line":2,"column":0},"end":{"line":2,"column":83}},"2":{"start":{"line":5,"column":0},"end":{"line":5,"column":75}},"3":{"start":{"line":8,"column":7},"end":{"line":17,"column":null}},"4":{"start":{"line":10,"column":8},"end":{"line":10,"column":16}},"5":{"start":{"line":9,"column":24},"end":{"line":9,"column":36}},"6":{"start":{"line":14,"column":20},"end":{"line":14,"column":57}},"7":{"start":{"line":15,"column":8},"end":{"line":15,"column":null}},"8":{"start":{"line":8,"column":13},"end":{"line":8,"column":31}},"9":{"start":{"line":8,"column":13},"end":{"line":17,"column":null}}},"fnMap":{"0":{"name":"(anonymous_2)","decl":{"start":{"line":9,"column":4},"end":{"line":9,"column":24}},"loc":{"start":{"line":9,"column":48},"end":{"line":11,"column":5}}},"1":{"name":"(anonymous_3)","decl":{"start":{"line":13,"column":3},"end":{"line":13,"column":8}},"loc":{"start":{"line":13,"column":46},"end":{"line":16,"column":5}}}},"branchMap":{"0":{"loc":{"start":{"line":15,"column":15},"end":{"line":15,"column":28}},"type":"binary-expr","locations":[{"start":{"line":15,"column":15},"end":{"line":15,"column":24}},{"start":{"line":15,"column":26},"end":{"line":15,"column":28}}]}},"s":{"0":1,"1":1,"2":1,"3":1,"4":1,"5":1,"6":1,"7":1,"8":1,"9":1},"f":{"0":1,"1":1},"b":{"0":[1,0]}}
,"C:\\Users\\Usuario\\Desktop\\WorthShelf\\hexgate\\src\\context\\stock\\application\\getById\\stockGetByIdCase.ts": {"path":"C:\\Users\\Usuario\\Desktop\\WorthShelf\\hexgate\\src\\context\\stock\\application\\getById\\stockGetByIdCase.ts","statementMap":{"0":{"start":{"line":1,"column":0},"end":{"line":1,"column":56}},"1":{"start":{"line":2,"column":0},"end":{"line":2,"column":65}},"2":{"start":{"line":3,"column":0},"end":{"line":3,"column":59}},"3":{"start":{"line":4,"column":0},"end":{"line":4,"column":73}},"4":{"start":{"line":7,"column":7},"end":{"line":21,"column":null}},"5":{"start":{"line":8,"column":25},"end":{"line":8,"column":35}},"6":{"start":{"line":10,"column":8},"end":{"line":18,"column":9}},"7":{"start":{"line":11,"column":24},"end":{"line":11,"column":55}},"8":{"start":{"line":12,"column":12},"end":{"line":14,"column":13}},"9":{"start":{"line":13,"column":16},"end":{"line":13,"column":null}},"10":{"start":{"line":15,"column":12},"end":{"line":15,"column":null}},"11":{"start":{"line":17,"column":25},"end":{"line":17,"column":null}},"12":{"start":{"line":7,"column":13},"end":{"line":7,"column":29}},"13":{"start":{"line":7,"column":13},"end":{"line":21,"column":null}}},"fnMap":{"0":{"name":"(anonymous_2)","decl":{"start":{"line":8,"column":4},"end":{"line":8,"column":25}},"loc":{"start":{"line":8,"column":50},"end":{"line":8,"column":53}}},"1":{"name":"(anonymous_3)","decl":{"start":{"line":9,"column":4},"end":{"line":9,"column":9}},"loc":{"start":{"line":9,"column":28},"end":{"line":20,"column":5}}}},"branchMap":{"0":{"loc":{"start":{"line":12,"column":12},"end":{"line":14,"column":13}},"type":"if","locations":[{"start":{"line":12,"column":12},"end":{"line":14,"column":13}}]}},"s":{"0":2,"1":2,"2":2,"3":2,"4":2,"5":3,"6":3,"7":3,"8":2,"9":1,"10":1,"11":1,"12":2,"13":2},"f":{"0":3,"1":3},"b":{"0":[1]}}
,"C:\\Users\\Usuario\\Desktop\\WorthShelf\\hexgate\\src\\context\\stock\\application\\getStocks\\GetStocksCase.ts": {"path":"C:\\Users\\Usuario\\Desktop\\WorthShelf\\hexgate\\src\\context\\stock\\application\\getStocks\\GetStocksCase.ts","statementMap":{"0":{"start":{"line":1,"column":0},"end":{"line":1,"column":56}},"1":{"start":{"line":2,"column":0},"end":{"line":2,"column":65}},"2":{"start":{"line":3,"column":0},"end":{"line":3,"column":59}},"3":{"start":{"line":4,"column":0},"end":{"line":4,"column":73}},"4":{"start":{"line":7,"column":7},"end":{"line":21,"column":null}},"5":{"start":{"line":8,"column":25},"end":{"line":8,"column":35}},"6":{"start":{"line":10,"column":8},"end":{"line":18,"column":9}},"7":{"start":{"line":11,"column":24},"end":{"line":11,"column":68}},"8":{"start":{"line":12,"column":12},"end":{"line":14,"column":13}},"9":{"start":{"line":13,"column":16},"end":{"line":13,"column":null}},"10":{"start":{"line":15,"column":12},"end":{"line":15,"column":null}},"11":{"start":{"line":17,"column":25},"end":{"line":17,"column":null}},"12":{"start":{"line":7,"column":13},"end":{"line":7,"column":26}},"13":{"start":{"line":7,"column":13},"end":{"line":21,"column":null}}},"fnMap":{"0":{"name":"(anonymous_2)","decl":{"start":{"line":8,"column":4},"end":{"line":8,"column":25}},"loc":{"start":{"line":8,"column":50},"end":{"line":8,"column":53}}},"1":{"name":"(anonymous_3)","decl":{"start":{"line":9,"column":4},"end":{"line":9,"column":9}},"loc":{"start":{"line":9,"column":47},"end":{"line":20,"column":5}}}},"branchMap":{"0":{"loc":{"start":{"line":12,"column":12},"end":{"line":14,"column":13}},"type":"if","locations":[{"start":{"line":12,"column":12},"end":{"line":14,"column":13}}]}},"s":{"0":2,"1":2,"2":2,"3":2,"4":2,"5":3,"6":3,"7":3,"8":2,"9":1,"10":1,"11":1,"12":2,"13":2},"f":{"0":3,"1":3},"b":{"0":[1]}}
,"C:\\Users\\Usuario\\Desktop\\WorthShelf\\hexgate\\src\\context\\stock\\application\\updateStocks\\updateStocks.ts": {"path":"C:\\Users\\Usuario\\Desktop\\WorthShelf\\hexgate\\src\\context\\stock\\application\\updateStocks\\updateStocks.ts","statementMap":{"0":{"start":{"line":1,"column":0},"end":{"line":1,"column":55}},"1":{"start":{"line":2,"column":0},"end":{"line":2,"column":73}},"2":{"start":{"line":3,"column":0},"end":{"line":3,"column":58}},"3":{"start":{"line":4,"column":0},"end":{"line":4,"column":64}},"4":{"start":{"line":8,"column":7},"end":{"line":47,"column":null}},"5":{"start":{"line":9,"column":25},"end":{"line":9,"column":35}},"6":{"start":{"line":11,"column":8},"end":{"line":44,"column":9}},"7":{"start":{"line":12,"column":26},"end":{"line":12,"column":28}},"8":{"start":{"line":13,"column":23},"end":{"line":13,"column":49}},"9":{"start":{"line":13,"column":41},"end":{"line":13,"column":48}},"10":{"start":{"line":14,"column":24},"end":{"line":14,"column":57}},"11":{"start":{"line":15,"column":12},"end":{"line":17,"column":13}},"12":{"start":{"line":16,"column":16},"end":{"line":16,"column":null}},"13":{"start":{"line":18,"column":30},"end":{"line":18,"column":35}},"14":{"start":{"line":19,"column":12},"end":{"line":34,"column":null}},"15":{"start":{"line":21,"column":16},"end":{"line":33,"column":17}},"16":{"start":{"line":22,"column":37},"end":{"line":22,"column":73}},"17":{"start":{"line":22,"column":53},"end":{"line":22,"column":72}},"18":{"start":{"line":24,"column":20},"end":{"line":27,"column":21}},"19":{"start":{"line":25,"column":24},"end":{"line":25,"column":null}},"20":{"start":{"line":26,"column":24},"end":{"line":26,"column":31}},"21":{"start":{"line":29,"column":20},"end":{"line":29,"column":null}},"22":{"start":{"line":30,"column":20},"end":{"line":30,"column":null}},"23":{"start":{"line":32,"column":16},"end":{"line":32,"column":null}},"24":{"start":{"line":36,"column":12},"end":{"line":38,"column":13}},"25":{"start":{"line":37,"column":16},"end":{"line":37,"column":null}},"26":{"start":{"line":39,"column":29},"end":{"line":39,"column":55}},"27":{"start":{"line":40,"column":12},"end":{"line":40,"column":null}},"28":{"start":{"line":43,"column":25},"end":{"line":43,"column":null}},"29":{"start":{"line":8,"column":13},"end":{"line":8,"column":25}},"30":{"start":{"line":8,"column":13},"end":{"line":47,"column":null}}},"fnMap":{"0":{"name":"(anonymous_2)","decl":{"start":{"line":9,"column":4},"end":{"line":9,"column":25}},"loc":{"start":{"line":9,"column":50},"end":{"line":9,"column":53}}},"1":{"name":"(anonymous_3)","decl":{"start":{"line":10,"column":4},"end":{"line":10,"column":9}},"loc":{"start":{"line":10,"column":42},"end":{"line":46,"column":5}}},"2":{"name":"(anonymous_4)","decl":{"start":{"line":13,"column":34},"end":{"line":13,"column":38}},"loc":{"start":{"line":13,"column":41},"end":{"line":13,"column":48}}},"3":{"name":"(anonymous_5)","decl":{"start":{"line":19,"column":27},"end":{"line":19,"column":32}},"loc":{"start":{"line":19,"column":34},"end":{"line":34,"column":13}}},"4":{"name":"(anonymous_6)","decl":{"start":{"line":22,"column":47},"end":{"line":22,"column":51}},"loc":{"start":{"line":22,"column":53},"end":{"line":22,"column":72}}}},"branchMap":{"0":{"loc":{"start":{"line":15,"column":12},"end":{"line":17,"column":13}},"type":"if","locations":[{"start":{"line":15,"column":12},"end":{"line":17,"column":13}}]},"1":{"loc":{"start":{"line":21,"column":16},"end":{"line":33,"column":17}},"type":"if","locations":[{"start":{"line":21,"column":16},"end":{"line":33,"column":17}}]},"2":{"loc":{"start":{"line":24,"column":20},"end":{"line":27,"column":21}},"type":"if","locations":[{"start":{"line":24,"column":20},"end":{"line":27,"column":21}}]},"3":{"loc":{"start":{"line":24,"column":23},"end":{"line":24,"column":65}},"type":"binary-expr","locations":[{"start":{"line":24,"column":23},"end":{"line":24,"column":33}},{"start":{"line":24,"column":37},"end":{"line":24,"column":65}}]},"4":{"loc":{"start":{"line":36,"column":12},"end":{"line":38,"column":13}},"type":"if","locations":[{"start":{"line":36,"column":12},"end":{"line":38,"column":13}}]}},"s":{"0":2,"1":2,"2":2,"3":2,"4":2,"5":4,"6":4,"7":4,"8":4,"9":6,"10":4,"11":3,"12":1,"13":2,"14":2,"15":2,"16":2,"17":2,"18":2,"19":1,"20":1,"21":1,"22":1,"23":1,"24":2,"25":1,"26":1,"27":1,"28":1,"29":2,"30":2},"f":{"0":4,"1":4,"2":6,"3":2,"4":2},"b":{"0":[1],"1":[2],"2":[1],"3":[2,1],"4":[1]}}
,"C:\\Users\\Usuario\\Desktop\\WorthShelf\\hexgate\\src\\context\\stock\\constants\\stock.contants.ts": {"path":"C:\\Users\\Usuario\\Desktop\\WorthShelf\\hexgate\\src\\context\\stock\\constants\\stock.contants.ts","statementMap":{"0":{"start":{"line":1,"column":13},"end":{"line":1,"column":null}},"1":{"start":{"line":3,"column":13},"end":{"line":10,"column":null}}},"fnMap":{},"branchMap":{},"s":{"0":6,"1":6},"f":{},"b":{}}
,"C:\\Users\\Usuario\\Desktop\\WorthShelf\\hexgate\\src\\context\\stock\\domain\\stocks.repository.ts": {"path":"C:\\Users\\Usuario\\Desktop\\WorthShelf\\hexgate\\src\\context\\stock\\domain\\stocks.repository.ts","statementMap":{"0":{"start":{"line":4,"column":0},"end":{"line":4,"column":22}}},"fnMap":{},"branchMap":{},"s":{"0":6},"f":{},"b":{}}
,"C:\\Users\\Usuario\\Desktop\\WorthShelf\\hexgate\\src\\context\\stock\\domain\\Internal\\TransactionPort.interface.ts": {"path":"C:\\Users\\Usuario\\Desktop\\WorthShelf\\hexgate\\src\\context\\stock\\domain\\Internal\\TransactionPort.interface.ts","statementMap":{"0":{"start":{"line":4,"column":0},"end":{"line":4,"column":22}}},"fnMap":{},"branchMap":{},"s":{"0":2},"f":{},"b":{}}
,"C:\\Users\\Usuario\\Desktop\\WorthShelf\\hexgate\\src\\context\\transaction\\application\\createTransactionCase\\createTransactionCase.ts": {"path":"C:\\Users\\Usuario\\Desktop\\WorthShelf\\hexgate\\src\\context\\transaction\\application\\createTransactionCase\\createTransactionCase.ts","statementMap":{"0":{"start":{"line":1,"column":0},"end":{"line":1,"column":56}},"1":{"start":{"line":3,"column":0},"end":{"line":3,"column":62}},"2":{"start":{"line":4,"column":0},"end":{"line":4,"column":76}},"3":{"start":{"line":6,"column":0},"end":{"line":6,"column":71}},"4":{"start":{"line":7,"column":0},"end":{"line":7,"column":74}},"5":{"start":{"line":9,"column":0},"end":{"line":9,"column":85}},"6":{"start":{"line":10,"column":0},"end":{"line":10,"column":85}},"7":{"start":{"line":11,"column":0},"end":{"line":11,"column":76}},"8":{"start":{"line":14,"column":7},"end":{"line":48,"column":null}},"9":{"start":{"line":16,"column":25},"end":{"line":16,"column":41}},"10":{"start":{"line":17,"column":25},"end":{"line":17,"column":38}},"11":{"start":{"line":18,"column":25},"end":{"line":18,"column":38}},"12":{"start":{"line":19,"column":25},"end":{"line":19,"column":35}},"13":{"start":{"line":22,"column":8},"end":{"line":45,"column":9}},"14":{"start":{"line":23,"column":32},"end":{"line":23,"column":82}},"15":{"start":{"line":24,"column":20},"end":{"line":26,"column":21}},"16":{"start":{"line":25,"column":24},"end":{"line":25,"column":null}},"17":{"start":{"line":27,"column":29},"end":{"line":28,"column":null}},"18":{"start":{"line":30,"column":27},"end":{"line":30,"column":69}},"19":{"start":{"line":32,"column":25},"end":{"line":32,"column":79}},"20":{"start":{"line":33,"column":25},"end":{"line":33,"column":74}},"21":{"start":{"line":35,"column":52},"end":{"line":40,"column":10}},"22":{"start":{"line":42,"column":11},"end":{"line":42,"column":null}},"23":{"start":{"line":44,"column":12},"end":{"line":44,"column":null}},"24":{"start":{"line":14,"column":13},"end":{"line":14,"column":30}},"25":{"start":{"line":14,"column":13},"end":{"line":48,"column":null}}},"fnMap":{"0":{"name":"(anonymous_2)","decl":{"start":{"line":15,"column":4},"end":{"line":15,"column":null}},"loc":{"start":{"line":19,"column":44},"end":{"line":19,"column":47}}},"1":{"name":"(anonymous_3)","decl":{"start":{"line":21,"column":4},"end":{"line":21,"column":9}},"loc":{"start":{"line":21,"column":38},"end":{"line":46,"column":5}}}},"branchMap":{"0":{"loc":{"start":{"line":24,"column":20},"end":{"line":26,"column":21}},"type":"if","locations":[{"start":{"line":24,"column":20},"end":{"line":26,"column":21}}]}},"s":{"0":2,"1":2,"2":2,"3":2,"4":2,"5":2,"6":2,"7":2,"8":2,"9":3,"10":3,"11":3,"12":3,"13":3,"14":3,"15":2,"16":1,"17":1,"18":1,"19":1,"20":1,"21":1,"22":1,"23":1,"24":2,"25":2},"f":{"0":3,"1":3},"b":{"0":[1]}}
,"C:\\Users\\Usuario\\Desktop\\WorthShelf\\hexgate\\src\\context\\transaction\\application\\getByIdCase\\getByIdCase.ts": {"path":"C:\\Users\\Usuario\\Desktop\\WorthShelf\\hexgate\\src\\context\\transaction\\application\\getByIdCase\\getByIdCase.ts","statementMap":{"0":{"start":{"line":1,"column":0},"end":{"line":1,"column":56}},"1":{"start":{"line":2,"column":0},"end":{"line":2,"column":75}},"2":{"start":{"line":3,"column":0},"end":{"line":3,"column":73}},"3":{"start":{"line":5,"column":0},"end":{"line":5,"column":70}},"4":{"start":{"line":8,"column":7},"end":{"line":24,"column":null}},"5":{"start":{"line":9,"column":26},"end":{"line":9,"column":42}},"6":{"start":{"line":12,"column":8},"end":{"line":21,"column":9}},"7":{"start":{"line":13,"column":24},"end":{"line":13,"column":61}},"8":{"start":{"line":15,"column":12},"end":{"line":17,"column":13}},"9":{"start":{"line":16,"column":16},"end":{"line":16,"column":null}},"10":{"start":{"line":18,"column":12},"end":{"line":18,"column":null}},"11":{"start":{"line":20,"column":12},"end":{"line":20,"column":null}},"12":{"start":{"line":8,"column":13},"end":{"line":8,"column":24}},"13":{"start":{"line":8,"column":13},"end":{"line":24,"column":null}}},"fnMap":{"0":{"name":"(anonymous_2)","decl":{"start":{"line":9,"column":4},"end":{"line":9,"column":26}},"loc":{"start":{"line":9,"column":63},"end":{"line":9,"column":66}}},"1":{"name":"(anonymous_3)","decl":{"start":{"line":11,"column":4},"end":{"line":11,"column":9}},"loc":{"start":{"line":11,"column":23},"end":{"line":22,"column":5}}}},"branchMap":{"0":{"loc":{"start":{"line":15,"column":12},"end":{"line":17,"column":13}},"type":"if","locations":[{"start":{"line":15,"column":12},"end":{"line":17,"column":13}}]}},"s":{"0":2,"1":2,"2":2,"3":2,"4":2,"5":3,"6":3,"7":3,"8":2,"9":1,"10":1,"11":1,"12":2,"13":2},"f":{"0":3,"1":3},"b":{"0":[1]}}
,"C:\\Users\\Usuario\\Desktop\\WorthShelf\\hexgate\\src\\context\\transaction\\constants\\Transaction.contants.ts": {"path":"C:\\Users\\Usuario\\Desktop\\WorthShelf\\hexgate\\src\\context\\transaction\\constants\\Transaction.contants.ts","statementMap":{"0":{"start":{"line":1,"column":13},"end":{"line":1,"column":null}},"1":{"start":{"line":3,"column":13},"end":{"line":7,"column":null}},"2":{"start":{"line":9,"column":13},"end":{"line":15,"column":null}}},"fnMap":{},"branchMap":{},"s":{"0":4,"1":4,"2":4},"f":{},"b":{}}
,"C:\\Users\\Usuario\\Desktop\\WorthShelf\\hexgate\\src\\context\\transaction\\domain\\transaction.entity.ts": {"path":"C:\\Users\\Usuario\\Desktop\\WorthShelf\\hexgate\\src\\context\\transaction\\domain\\transaction.entity.ts","statementMap":{"0":{"start":{"line":1,"column":0},"end":{"line":1,"column":41}},"1":{"start":{"line":6,"column":25},"end":{"line":6,"column":48}},"2":{"start":{"line":9,"column":20},"end":{"line":9,"column":30}},"3":{"start":{"line":10,"column":8},"end":{"line":17,"column":null}},"4":{"start":{"line":21,"column":8},"end":{"line":21,"column":null}},"5":{"start":{"line":5,"column":0},"end":{"line":5,"column":13}}},"fnMap":{"0":{"name":"(anonymous_0)","decl":{"start":{"line":6,"column":4},"end":{"line":6,"column":25}},"loc":{"start":{"line":6,"column":48},"end":{"line":6,"column":52}}},"1":{"name":"(anonymous_1)","decl":{"start":{"line":8,"column":4},"end":{"line":8,"column":10}},"loc":{"start":{"line":8,"column":48},"end":{"line":18,"column":5}}},"2":{"name":"(anonymous_2)","decl":{"start":{"line":20,"column":4},"end":{"line":20,"column":11}},"loc":{"start":{"line":20,"column":11},"end":{"line":22,"column":5}}}},"branchMap":{"0":{"loc":{"start":{"line":12,"column":18},"end":{"line":12,"column":42}},"type":"binary-expr","locations":[{"start":{"line":12,"column":18},"end":{"line":12,"column":27}},{"start":{"line":12,"column":30},"end":{"line":12,"column":42}}]},"1":{"loc":{"start":{"line":13,"column":26},"end":{"line":13,"column":48}},"type":"binary-expr","locations":[{"start":{"line":13,"column":26},"end":{"line":13,"column":44}},{"start":{"line":13,"column":46},"end":{"line":13,"column":48}}]},"2":{"loc":{"start":{"line":14,"column":23},"end":{"line":14,"column":42}},"type":"binary-expr","locations":[{"start":{"line":14,"column":23},"end":{"line":14,"column":38}},{"start":{"line":14,"column":40},"end":{"line":14,"column":42}}]},"3":{"loc":{"start":{"line":15,"column":24},"end":{"line":15,"column":56}},"type":"binary-expr","locations":[{"start":{"line":15,"column":24},"end":{"line":15,"column":40}},{"start":{"line":15,"column":42},"end":{"line":15,"column":56}}]},"4":{"loc":{"start":{"line":16,"column":24},"end":{"line":16,"column":56}},"type":"binary-expr","locations":[{"start":{"line":16,"column":24},"end":{"line":16,"column":40}},{"start":{"line":16,"column":42},"end":{"line":16,"column":56}}]}},"s":{"0":2,"1":1,"2":1,"3":1,"4":0,"5":2},"f":{"0":1,"1":1,"2":0},"b":{"0":[1,1],"1":[1,0],"2":[1,1],"3":[1,1],"4":[1,1]}}
,"C:\\Users\\Usuario\\Desktop\\WorthShelf\\hexgate\\src\\context\\transaction\\domain\\transaction.repository.ts": {"path":"C:\\Users\\Usuario\\Desktop\\WorthShelf\\hexgate\\src\\context\\transaction\\domain\\transaction.repository.ts","statementMap":{"0":{"start":{"line":4,"column":0},"end":{"line":4,"column":22}}},"fnMap":{},"branchMap":{},"s":{"0":4},"f":{},"b":{}}
,"C:\\Users\\Usuario\\Desktop\\WorthShelf\\hexgate\\src\\context\\transaction\\domain\\Internal\\costumer\\costumerPort.interface.ts": {"path":"C:\\Users\\Usuario\\Desktop\\WorthShelf\\hexgate\\src\\context\\transaction\\domain\\Internal\\costumer\\costumerPort.interface.ts","statementMap":{"0":{"start":{"line":3,"column":0},"end":{"line":3,"column":22}}},"fnMap":{},"branchMap":{},"s":{"0":3},"f":{},"b":{}}
,"C:\\Users\\Usuario\\Desktop\\WorthShelf\\hexgate\\src\\context\\transaction\\domain\\Internal\\delivery\\deliveryPort.interface.ts": {"path":"C:\\Users\\Usuario\\Desktop\\WorthShelf\\hexgate\\src\\context\\transaction\\domain\\Internal\\delivery\\deliveryPort.interface.ts","statementMap":{"0":{"start":{"line":3,"column":0},"end":{"line":3,"column":22}}},"fnMap":{},"branchMap":{},"s":{"0":3},"f":{},"b":{}}
,"C:\\Users\\Usuario\\Desktop\\WorthShelf\\hexgate\\src\\context\\transaction\\domain\\Internal\\stock\\stockPort.interface.ts": {"path":"C:\\Users\\Usuario\\Desktop\\WorthShelf\\hexgate\\src\\context\\transaction\\domain\\Internal\\stock\\stockPort.interface.ts","statementMap":{"0":{"start":{"line":4,"column":0},"end":{"line":4,"column":22}}},"fnMap":{},"branchMap":{},"s":{"0":3},"f":{},"b":{}}
,"C:\\Users\\Usuario\\Desktop\\WorthShelf\\hexgate\\src\\context\\transaction\\inf\\Http\\createTransaction\\createTransaction.controller.ts": {"path":"C:\\Users\\Usuario\\Desktop\\WorthShelf\\hexgate\\src\\context\\transaction\\inf\\Http\\createTransaction\\createTransaction.controller.ts","statementMap":{"0":{"start":{"line":1,"column":0},"end":{"line":1,"column":67}},"1":{"start":{"line":2,"column":0},"end":{"line":2,"column":100}},"2":{"start":{"line":3,"column":0},"end":{"line":3,"column":63}},"3":{"start":{"line":8,"column":7},"end":{"line":15,"column":null}},"4":{"start":{"line":9,"column":33},"end":{"line":9,"column":45}},"5":{"start":{"line":12,"column":8},"end":{"line":12,"column":44}},"6":{"start":{"line":8,"column":13},"end":{"line":8,"column":40}},"7":{"start":{"line":11,"column":10},"end":{"line":14,"column":null}},"8":{"start":{"line":8,"column":13},"end":{"line":15,"column":null}}},"fnMap":{"0":{"name":"(anonymous_4)","decl":{"start":{"line":9,"column":4},"end":{"line":9,"column":33}},"loc":{"start":{"line":9,"column":62},"end":{"line":9,"column":65}}},"1":{"name":"(anonymous_5)","decl":{"start":{"line":11,"column":4},"end":{"line":11,"column":9}},"loc":{"start":{"line":11,"column":51},"end":{"line":14,"column":5}}}},"branchMap":{},"s":{"0":1,"1":1,"2":1,"3":1,"4":1,"5":1,"6":1,"7":1,"8":1},"f":{"0":1,"1":1},"b":{}}
,"C:\\Users\\Usuario\\Desktop\\WorthShelf\\hexgate\\src\\context\\transaction\\inf\\Http\\getByIdTransaction\\getByIdTransactioncontroller.ts": {"path":"C:\\Users\\Usuario\\Desktop\\WorthShelf\\hexgate\\src\\context\\transaction\\inf\\Http\\getByIdTransaction\\getByIdTransactioncontroller.ts","statementMap":{"0":{"start":{"line":1,"column":0},"end":{"line":1,"column":67}},"1":{"start":{"line":2,"column":0},"end":{"line":2,"column":75}},"2":{"start":{"line":3,"column":0},"end":{"line":3,"column":64}},"3":{"start":{"line":7,"column":7},"end":{"line":14,"column":null}},"4":{"start":{"line":8,"column":33},"end":{"line":8,"column":46}},"5":{"start":{"line":11,"column":8},"end":{"line":11,"column":48}},"6":{"start":{"line":7,"column":13},"end":{"line":7,"column":41}},"7":{"start":{"line":10,"column":10},"end":{"line":13,"column":null}},"8":{"start":{"line":7,"column":13},"end":{"line":14,"column":null}}},"fnMap":{"0":{"name":"(anonymous_4)","decl":{"start":{"line":8,"column":4},"end":{"line":8,"column":33}},"loc":{"start":{"line":8,"column":57},"end":{"line":8,"column":60}}},"1":{"name":"(anonymous_5)","decl":{"start":{"line":10,"column":4},"end":{"line":10,"column":9}},"loc":{"start":{"line":10,"column":43},"end":{"line":13,"column":5}}}},"branchMap":{},"s":{"0":1,"1":1,"2":1,"3":1,"4":1,"5":1,"6":1,"7":1,"8":1},"f":{"0":1,"1":1},"b":{}}
,"C:\\Users\\Usuario\\Desktop\\WorthShelf\\hexgate\\src\\context\\transaction\\inf\\Internal\\costumer\\costumerAdapter.controller.ts": {"path":"C:\\Users\\Usuario\\Desktop\\WorthShelf\\hexgate\\src\\context\\transaction\\inf\\Internal\\costumer\\costumerAdapter.controller.ts","statementMap":{"0":{"start":{"line":1,"column":0},"end":{"line":1,"column":44}},"1":{"start":{"line":2,"column":0},"end":{"line":2,"column":87}},"2":{"start":{"line":4,"column":0},"end":{"line":4,"column":109}},"3":{"start":{"line":6,"column":7},"end":{"line":14,"column":null}},"4":{"start":{"line":8,"column":8},"end":{"line":8,"column":16}},"5":{"start":{"line":7,"column":33},"end":{"line":7,"column":47}},"6":{"start":{"line":11,"column":8},"end":{"line":11,"column":45}},"7":{"start":{"line":6,"column":13},"end":{"line":6,"column":28}},"8":{"start":{"line":6,"column":13},"end":{"line":14,"column":null}}},"fnMap":{"0":{"name":"(anonymous_2)","decl":{"start":{"line":7,"column":4},"end":{"line":7,"column":33}},"loc":{"start":{"line":7,"column":62},"end":{"line":9,"column":5}}},"1":{"name":"(anonymous_3)","decl":{"start":{"line":10,"column":4},"end":{"line":10,"column":11}},"loc":{"start":{"line":10,"column":22},"end":{"line":12,"column":5}}}},"branchMap":{},"s":{"0":1,"1":1,"2":1,"3":1,"4":1,"5":1,"6":1,"7":1,"8":1},"f":{"0":1,"1":1},"b":{}}
,"C:\\Users\\Usuario\\Desktop\\WorthShelf\\hexgate\\src\\context\\transaction\\inf\\Internal\\delivery\\deliveryAdapter.controller.ts": {"path":"C:\\Users\\Usuario\\Desktop\\WorthShelf\\hexgate\\src\\context\\transaction\\inf\\Internal\\delivery\\deliveryAdapter.controller.ts","statementMap":{"0":{"start":{"line":1,"column":0},"end":{"line":1,"column":44}},"1":{"start":{"line":2,"column":0},"end":{"line":2,"column":97}},"2":{"start":{"line":4,"column":0},"end":{"line":4,"column":88}},"3":{"start":{"line":6,"column":7},"end":{"line":14,"column":null}},"4":{"start":{"line":8,"column":8},"end":{"line":8,"column":16}},"5":{"start":{"line":7,"column":33},"end":{"line":7,"column":50}},"6":{"start":{"line":11,"column":8},"end":{"line":11,"column":76}},"7":{"start":{"line":6,"column":13},"end":{"line":6,"column":28}},"8":{"start":{"line":6,"column":13},"end":{"line":14,"column":null}}},"fnMap":{"0":{"name":"(anonymous_2)","decl":{"start":{"line":7,"column":4},"end":{"line":7,"column":33}},"loc":{"start":{"line":7,"column":66},"end":{"line":9,"column":5}}},"1":{"name":"(anonymous_3)","decl":{"start":{"line":10,"column":4},"end":{"line":10,"column":9}},"loc":{"start":{"line":10,"column":42},"end":{"line":12,"column":5}}}},"branchMap":{},"s":{"0":1,"1":1,"2":1,"3":1,"4":1,"5":1,"6":1,"7":1,"8":1},"f":{"0":1,"1":1},"b":{}}
,"C:\\Users\\Usuario\\Desktop\\WorthShelf\\hexgate\\src\\context\\transaction\\inf\\Internal\\stock\\stockAdapter.controller.ts": {"path":"C:\\Users\\Usuario\\Desktop\\WorthShelf\\hexgate\\src\\context\\transaction\\inf\\Internal\\stock\\stockAdapter.controller.ts","statementMap":{"0":{"start":{"line":1,"column":0},"end":{"line":1,"column":44}},"1":{"start":{"line":2,"column":0},"end":{"line":2,"column":94}},"2":{"start":{"line":4,"column":0},"end":{"line":4,"column":78}},"3":{"start":{"line":7,"column":7},"end":{"line":15,"column":null}},"4":{"start":{"line":9,"column":8},"end":{"line":9,"column":16}},"5":{"start":{"line":8,"column":33},"end":{"line":8,"column":50}},"6":{"start":{"line":12,"column":8},"end":{"line":12,"column":65}},"7":{"start":{"line":7,"column":13},"end":{"line":7,"column":25}},"8":{"start":{"line":7,"column":13},"end":{"line":15,"column":null}}},"fnMap":{"0":{"name":"(anonymous_2)","decl":{"start":{"line":8,"column":4},"end":{"line":8,"column":33}},"loc":{"start":{"line":8,"column":66},"end":{"line":10,"column":5}}},"1":{"name":"(anonymous_3)","decl":{"start":{"line":11,"column":4},"end":{"line":11,"column":9}},"loc":{"start":{"line":11,"column":47},"end":{"line":13,"column":5}}}},"branchMap":{},"s":{"0":1,"1":1,"2":1,"3":1,"4":1,"5":1,"6":1,"7":1,"8":1},"f":{"0":1,"1":1},"b":{}}
}
