TN:
SF:src\app.controller.ts
FN:6,(anonymous_2)
FN:9,(anonymous_3)
FNF:2
FNH:2
FNDA:1,(anonymous_2)
FNDA:1,(anonymous_3)
DA:1,1
DA:2,1
DA:5,1
DA:6,1
DA:9,1
DA:10,1
LF:6
LH:6
BRF:0
BRH:0
end_of_record
TN:
SF:src\app.service.ts
FN:5,(anonymous_1)
FNF:1
FNH:1
FNDA:1,(anonymous_1)
DA:1,1
DA:4,1
DA:6,1
LF:3
LH:3
BRF:0
BRH:0
end_of_record
TN:
SF:src\context\costumers\application\costumerById\costumerByIdCase.ts
FN:7,(anonymous_2)
FN:9,(anonymous_3)
FNF:2
FNH:2
FNDA:3,(anonymous_2)
FNDA:3,(anonymous_3)
DA:1,3
DA:2,3
DA:3,3
DA:4,3
DA:6,3
DA:7,3
DA:10,3
DA:11,3
DA:12,2
DA:13,1
DA:15,1
DA:17,1
LF:12
LH:12
BRDA:12,0,0,1
BRF:1
BRH:1
end_of_record
TN:
SF:src\context\costumers\application\login\costumerLoginCase.ts
FN:9,(anonymous_2)
FN:10,(anonymous_3)
FN:26,(anonymous_4)
FNF:3
FNH:3
FNDA:4,(anonymous_2)
FNDA:4,(anonymous_3)
FNDA:1,(anonymous_4)
DA:1,2
DA:2,2
DA:4,2
DA:5,2
DA:6,2
DA:8,2
DA:9,4
DA:11,4
DA:12,4
DA:13,3
DA:14,1
DA:16,2
DA:17,2
DA:18,1
DA:20,1
DA:21,1
DA:23,1
DA:27,1
LF:18
LH:18
BRDA:13,0,0,1
BRDA:17,1,0,1
BRF:2
BRH:2
end_of_record
TN:
SF:src\context\costumers\constants\costumers.contants.ts
FNF:0
FNH:0
DA:1,5
DA:3,5
LF:2
LH:2
BRF:0
BRH:0
end_of_record
TN:
SF:src\context\costumers\domain\costumer.repository.ts
FNF:0
FNH:0
DA:3,5
LF:1
LH:1
BRF:0
BRH:0
end_of_record
TN:
SF:src\context\costumers\domain\Internal\transaction\TransactionPort.interface.ts
FNF:0
FNH:0
DA:3,2
LF:1
LH:1
BRF:0
BRH:0
end_of_record
TN:
SF:src\context\costumers\inf\Http\getByIdHttp\getByIdCostumer.controller.ts
FN:8,(anonymous_4)
FN:10,(anonymous_5)
FNF:2
FNH:2
FNDA:3,(anonymous_4)
FNDA:3,(anonymous_5)
DA:1,1
DA:2,1
DA:3,1
DA:4,1
DA:7,1
DA:8,3
DA:10,1
DA:11,3
LF:8
LH:8
BRF:0
BRH:0
end_of_record
TN:
SF:src\context\costumers\inf\Http\loginHttp\login.controller.ts
FN:9,(anonymous_4)
FN:11,(anonymous_5)
FNF:2
FNH:2
FNDA:3,(anonymous_4)
FNDA:3,(anonymous_5)
DA:1,1
DA:2,1
DA:3,1
DA:4,1
DA:8,1
DA:9,3
DA:11,1
DA:12,3
LF:8
LH:8
BRF:0
BRH:0
end_of_record
TN:
SF:src\context\costumers\inf\Internal\transaction\transactionadapter.controller.ts
FN:7,(anonymous_2)
FN:10,(anonymous_3)
FNF:2
FNH:2
FNDA:1,(anonymous_2)
FNDA:1,(anonymous_3)
DA:1,1
DA:2,1
DA:4,1
DA:6,1
DA:7,1
DA:8,1
DA:11,1
DA:12,1
LF:8
LH:8
BRDA:12,0,0,1
BRDA:12,0,1,0
BRF:2
BRH:1
end_of_record
TN:
SF:src\context\delivery\application\CreateCase\DeliveryCreateCase.ts
FN:7,(anonymous_2)
FN:9,(anonymous_3)
FNF:2
FNH:2
FNDA:1,(anonymous_2)
FNDA:1,(anonymous_3)
DA:1,2
DA:2,2
DA:6,2
DA:7,1
DA:10,1
LF:5
LH:5
BRF:0
BRH:0
end_of_record
TN:
SF:src\context\delivery\application\GetByIdCase\DeliveryGetByIdCase.ts
FN:6,(anonymous_2)
FN:8,(anonymous_3)
FNF:2
FNH:2
FNDA:1,(anonymous_2)
FNDA:1,(anonymous_3)
DA:1,1
DA:2,1
DA:5,1
DA:6,1
DA:9,1
LF:5
LH:5
BRF:0
BRH:0
end_of_record
TN:
SF:src\context\delivery\domain\delivery.entity.ts
FN:6,(anonymous_0)
FN:8,(anonymous_1)
FN:14,(anonymous_2)
FNF:3
FNH:2
FNDA:3,(anonymous_0)
FNDA:3,(anonymous_1)
FNDA:0,(anonymous_2)
DA:1,3
DA:5,3
DA:6,3
DA:9,3
DA:15,0
LF:5
LH:4
BRDA:10,0,0,3
BRDA:10,0,1,0
BRF:2
BRH:1
end_of_record
TN:
SF:src\context\delivery\domain\delivery.repository.ts
FNF:0
FNH:0
DA:4,3
LF:1
LH:1
BRF:0
BRH:0
end_of_record
TN:
SF:src\context\delivery\domain\Internal\transactionPort.interface.ts
FNF:0
FNH:0
DA:4,2
LF:1
LH:1
BRF:0
BRH:0
end_of_record
TN:
SF:src\context\delivery\inf\Internal\transactionAdapter.controller.ts
FN:9,(anonymous_2)
FN:12,(anonymous_3)
FNF:2
FNH:2
FNDA:1,(anonymous_2)
FNDA:1,(anonymous_3)
DA:1,1
DA:2,1
DA:5,1
DA:8,1
DA:9,1
DA:10,1
DA:13,1
LF:7
LH:7
BRF:0
BRH:0
end_of_record
TN:
SF:src\context\shared\Guards\jwtGuard.guard.ts
FN:6,(anonymous_2)
FN:8,(anonymous_3)
FN:26,(anonymous_4)
FNF:3
FNH:3
FNDA:3,(anonymous_2)
FNDA:3,(anonymous_3)
FNDA:3,(anonymous_4)
DA:1,3
DA:2,3
DA:5,3
DA:6,3
DA:9,3
DA:10,3
DA:12,3
DA:13,1
DA:16,2
DA:17,2
DA:18,1
DA:20,1
DA:23,1
DA:27,3
DA:28,3
DA:29,1
DA:32,2
DA:33,2
LF:18
LH:18
BRDA:12,0,0,1
BRDA:17,1,0,2
BRDA:17,1,1,2
BRDA:28,2,0,1
BRDA:33,3,0,2
BRDA:33,3,1,0
BRF:6
BRH:5
end_of_record
TN:
SF:src\context\shared\constants\general.contants.ts
FNF:0
FNH:0
DA:1,13
LF:1
LH:1
BRF:0
BRH:0
end_of_record
TN:
SF:src\context\stock\Inf\Http\GetByIdStock\getByIdStock.controller.ts
FN:8,(anonymous_4)
FN:10,(anonymous_5)
FNF:2
FNH:2
FNDA:1,(anonymous_4)
FNDA:1,(anonymous_5)
DA:1,1
DA:2,1
DA:3,1
DA:6,1
DA:8,1
DA:10,1
DA:12,1
LF:7
LH:7
BRF:0
BRH:0
end_of_record
TN:
SF:src\context\stock\Inf\Http\GetStocks\getStocks.controller.ts
FN:9,(anonymous_4)
FN:11,(anonymous_5)
FNF:2
FNH:2
FNDA:1,(anonymous_4)
FNDA:1,(anonymous_5)
DA:1,1
DA:3,1
DA:4,1
DA:7,1
DA:9,1
DA:11,1
DA:12,1
LF:7
LH:7
BRF:0
BRH:0
end_of_record
TN:
SF:src\context\stock\Inf\Internal\transactionAdapter.controller.ts
FN:9,(anonymous_2)
FN:13,(anonymous_3)
FNF:2
FNH:2
FNDA:1,(anonymous_2)
FNDA:1,(anonymous_3)
DA:1,1
DA:2,1
DA:5,1
DA:8,1
DA:9,1
DA:10,1
DA:14,1
DA:15,1
LF:8
LH:8
BRDA:15,0,0,1
BRDA:15,0,1,0
BRF:2
BRH:1
end_of_record
TN:
SF:src\context\stock\application\getById\stockGetByIdCase.ts
FN:8,(anonymous_2)
FN:9,(anonymous_3)
FNF:2
FNH:2
FNDA:3,(anonymous_2)
FNDA:3,(anonymous_3)
DA:1,2
DA:2,2
DA:3,2
DA:4,2
DA:7,2
DA:8,3
DA:10,3
DA:11,3
DA:12,2
DA:13,1
DA:15,1
DA:17,1
LF:12
LH:12
BRDA:12,0,0,1
BRF:1
BRH:1
end_of_record
TN:
SF:src\context\stock\application\getStocks\GetStocksCase.ts
FN:8,(anonymous_2)
FN:9,(anonymous_3)
FNF:2
FNH:2
FNDA:3,(anonymous_2)
FNDA:3,(anonymous_3)
DA:1,2
DA:2,2
DA:3,2
DA:4,2
DA:7,2
DA:8,3
DA:10,3
DA:11,3
DA:12,2
DA:13,1
DA:15,1
DA:17,1
LF:12
LH:12
BRDA:12,0,0,1
BRF:1
BRH:1
end_of_record
TN:
SF:src\context\stock\application\updateStocks\updateStocks.ts
FN:9,(anonymous_2)
FN:10,(anonymous_3)
FN:13,(anonymous_4)
FN:19,(anonymous_5)
FN:22,(anonymous_6)
FNF:5
FNH:5
FNDA:4,(anonymous_2)
FNDA:4,(anonymous_3)
FNDA:6,(anonymous_4)
FNDA:2,(anonymous_5)
FNDA:2,(anonymous_6)
DA:1,2
DA:2,2
DA:3,2
DA:4,2
DA:8,2
DA:9,4
DA:11,4
DA:12,4
DA:13,6
DA:14,4
DA:15,3
DA:16,1
DA:18,2
DA:19,2
DA:21,2
DA:22,2
DA:24,2
DA:25,1
DA:26,1
DA:29,1
DA:30,1
DA:32,1
DA:36,2
DA:37,1
DA:39,1
DA:40,1
DA:43,1
LF:27
LH:27
BRDA:15,0,0,1
BRDA:21,1,0,2
BRDA:24,2,0,1
BRDA:24,3,0,2
BRDA:24,3,1,1
BRDA:36,4,0,1
BRF:6
BRH:6
end_of_record
TN:
SF:src\context\stock\constants\stock.contants.ts
FNF:0
FNH:0
DA:1,6
DA:3,6
LF:2
LH:2
BRF:0
BRH:0
end_of_record
TN:
SF:src\context\stock\domain\stocks.repository.ts
FNF:0
FNH:0
DA:4,6
LF:1
LH:1
BRF:0
BRH:0
end_of_record
TN:
SF:src\context\stock\domain\Internal\TransactionPort.interface.ts
FNF:0
FNH:0
DA:4,2
LF:1
LH:1
BRF:0
BRH:0
end_of_record
TN:
SF:src\context\transaction\application\createTransactionCase\createTransactionCase.ts
FN:15,(anonymous_2)
FN:21,(anonymous_3)
FNF:2
FNH:2
FNDA:3,(anonymous_2)
FNDA:3,(anonymous_3)
DA:1,2
DA:3,2
DA:4,2
DA:6,2
DA:7,2
DA:9,2
DA:10,2
DA:11,2
DA:14,2
DA:16,3
DA:17,3
DA:18,3
DA:19,3
DA:22,3
DA:23,3
DA:24,2
DA:25,1
DA:27,1
DA:30,1
DA:32,1
DA:33,1
DA:35,1
DA:42,1
DA:44,1
LF:24
LH:24
BRDA:24,0,0,1
BRF:1
BRH:1
end_of_record
TN:
SF:src\context\transaction\application\getByIdCase\getByIdCase.ts
FN:9,(anonymous_2)
FN:11,(anonymous_3)
FNF:2
FNH:2
FNDA:3,(anonymous_2)
FNDA:3,(anonymous_3)
DA:1,2
DA:2,2
DA:3,2
DA:5,2
DA:8,2
DA:9,3
DA:12,3
DA:13,3
DA:15,2
DA:16,1
DA:18,1
DA:20,1
LF:12
LH:12
BRDA:15,0,0,1
BRF:1
BRH:1
end_of_record
TN:
SF:src\context\transaction\constants\Transaction.contants.ts
FNF:0
FNH:0
DA:1,4
DA:3,4
DA:9,4
LF:3
LH:3
BRF:0
BRH:0
end_of_record
TN:
SF:src\context\transaction\domain\transaction.entity.ts
FN:6,(anonymous_0)
FN:8,(anonymous_1)
FN:20,(anonymous_2)
FNF:3
FNH:2
FNDA:1,(anonymous_0)
FNDA:1,(anonymous_1)
FNDA:0,(anonymous_2)
DA:1,2
DA:5,2
DA:6,1
DA:9,1
DA:10,1
DA:21,0
LF:6
LH:5
BRDA:12,0,0,1
BRDA:12,0,1,1
BRDA:13,1,0,1
BRDA:13,1,1,0
BRDA:14,2,0,1
BRDA:14,2,1,1
BRDA:15,3,0,1
BRDA:15,3,1,1
BRDA:16,4,0,1
BRDA:16,4,1,1
BRF:10
BRH:9
end_of_record
TN:
SF:src\context\transaction\domain\transaction.repository.ts
FNF:0
FNH:0
DA:4,4
LF:1
LH:1
BRF:0
BRH:0
end_of_record
TN:
SF:src\context\transaction\domain\Internal\costumer\costumerPort.interface.ts
FNF:0
FNH:0
DA:3,3
LF:1
LH:1
BRF:0
BRH:0
end_of_record
TN:
SF:src\context\transaction\domain\Internal\delivery\deliveryPort.interface.ts
FNF:0
FNH:0
DA:3,3
LF:1
LH:1
BRF:0
BRH:0
end_of_record
TN:
SF:src\context\transaction\domain\Internal\stock\stockPort.interface.ts
FNF:0
FNH:0
DA:4,3
LF:1
LH:1
BRF:0
BRH:0
end_of_record
TN:
SF:src\context\transaction\inf\Http\createTransaction\createTransaction.controller.ts
FN:9,(anonymous_4)
FN:11,(anonymous_5)
FNF:2
FNH:2
FNDA:1,(anonymous_4)
FNDA:1,(anonymous_5)
DA:1,1
DA:2,1
DA:3,1
DA:8,1
DA:9,1
DA:11,1
DA:12,1
LF:7
LH:7
BRF:0
BRH:0
end_of_record
TN:
SF:src\context\transaction\inf\Http\getByIdTransaction\getByIdTransactioncontroller.ts
FN:8,(anonymous_4)
FN:10,(anonymous_5)
FNF:2
FNH:2
FNDA:1,(anonymous_4)
FNDA:1,(anonymous_5)
DA:1,1
DA:2,1
DA:3,1
DA:7,1
DA:8,1
DA:10,1
DA:11,1
LF:7
LH:7
BRF:0
BRH:0
end_of_record
TN:
SF:src\context\transaction\inf\Internal\costumer\costumerAdapter.controller.ts
FN:7,(anonymous_2)
FN:10,(anonymous_3)
FNF:2
FNH:2
FNDA:1,(anonymous_2)
FNDA:1,(anonymous_3)
DA:1,1
DA:2,1
DA:4,1
DA:6,1
DA:7,1
DA:8,1
DA:11,1
LF:7
LH:7
BRF:0
BRH:0
end_of_record
TN:
SF:src\context\transaction\inf\Internal\delivery\deliveryAdapter.controller.ts
FN:7,(anonymous_2)
FN:10,(anonymous_3)
FNF:2
FNH:2
FNDA:1,(anonymous_2)
FNDA:1,(anonymous_3)
DA:1,1
DA:2,1
DA:4,1
DA:6,1
DA:7,1
DA:8,1
DA:11,1
LF:7
LH:7
BRF:0
BRH:0
end_of_record
TN:
SF:src\context\transaction\inf\Internal\stock\stockAdapter.controller.ts
FN:8,(anonymous_2)
FN:11,(anonymous_3)
FNF:2
FNH:2
FNDA:1,(anonymous_2)
FNDA:1,(anonymous_3)
DA:1,1
DA:2,1
DA:4,1
DA:7,1
DA:8,1
DA:9,1
DA:12,1
LF:7
LH:7
BRF:0
BRH:0
end_of_record
