{"C:\\Users\\Usuario\\Desktop\\WorthShelf\\webapp\\src\\External\\Wompi.service.ts": {"path":"C:\\Users\\Usuario\\Desktop\\WorthShelf\\webapp\\src\\External\\Wompi.service.ts","statementMap":{"0":{"start":{"line":25,"column":17},"end":{"line":27,"column":5}},"1":{"start":{"line":28,"column":21},"end":{"line":28,"column":30}},"2":{"start":{"line":29,"column":4},"end":{"line":31,"column":5}},"3":{"start":{"line":30,"column":6},"end":{"line":30,"column":65}},"4":{"start":{"line":32,"column":4},"end":{"line":32,"column":13}},"5":{"start":{"line":42,"column":21},"end":{"line":46,"column":5}},"6":{"start":{"line":47,"column":17},"end":{"line":47,"column":35}},"7":{"start":{"line":48,"column":4},"end":{"line":50,"column":5}},"8":{"start":{"line":49,"column":6},"end":{"line":49,"column":21}},"9":{"start":{"line":53,"column":25},"end":{"line":53,"column":51}},"10":{"start":{"line":54,"column":16},"end":{"line":54,"column":62}},"11":{"start":{"line":55,"column":25},"end":{"line":55,"column":54}},"12":{"start":{"line":56,"column":23},"end":{"line":56,"column":74}},"13":{"start":{"line":57,"column":22},"end":{"line":57,"column":60}},"14":{"start":{"line":58,"column":20},"end":{"line":60,"column":15}},"15":{"start":{"line":59,"column":18},"end":{"line":59,"column":49}},"16":{"start":{"line":61,"column":4},"end":{"line":61,"column":37}},"17":{"start":{"line":65,"column":4},"end":{"line":78,"column":5}},"18":{"start":{"line":66,"column":25},"end":{"line":70,"column":11}},"19":{"start":{"line":72,"column":22},"end":{"line":72,"column":40}},"20":{"start":{"line":73,"column":10},"end":{"line":75,"column":11}},"21":{"start":{"line":74,"column":14},"end":{"line":74,"column":25}},"22":{"start":{"line":77,"column":8},"end":{"line":77,"column":14}}},"fnMap":{"0":{"name":"(anonymous_0)","decl":{"start":{"line":19,"column":2},"end":{"line":19,"column":3}},"loc":{"start":{"line":23,"column":4},"end":{"line":23,"column":6}},"line":23},"1":{"name":"(anonymous_1)","decl":{"start":{"line":24,"column":2},"end":{"line":24,"column":3}},"loc":{"start":{"line":24,"column":20},"end":{"line":33,"column":3}},"line":24},"2":{"name":"(anonymous_2)","decl":{"start":{"line":35,"column":2},"end":{"line":35,"column":3}},"loc":{"start":{"line":41,"column":5},"end":{"line":51,"column":3}},"line":41},"3":{"name":"(anonymous_3)","decl":{"start":{"line":52,"column":2},"end":{"line":52,"column":3}},"loc":{"start":{"line":52,"column":36},"end":{"line":62,"column":3}},"line":52},"4":{"name":"(anonymous_4)","decl":{"start":{"line":59,"column":11},"end":{"line":59,"column":12}},"loc":{"start":{"line":59,"column":18},"end":{"line":59,"column":49}},"line":59},"5":{"name":"(anonymous_5)","decl":{"start":{"line":64,"column":2},"end":{"line":64,"column":3}},"loc":{"start":{"line":64,"column":52},"end":{"line":80,"column":3}},"line":64}},"branchMap":{"0":{"loc":{"start":{"line":29,"column":4},"end":{"line":31,"column":5}},"type":"if","locations":[{"start":{"line":29,"column":4},"end":{"line":31,"column":5}},{"start":{},"end":{}}],"line":29},"1":{"loc":{"start":{"line":48,"column":4},"end":{"line":50,"column":5}},"type":"if","locations":[{"start":{"line":48,"column":4},"end":{"line":50,"column":5}},{"start":{},"end":{}}],"line":48},"2":{"loc":{"start":{"line":73,"column":10},"end":{"line":75,"column":11}},"type":"if","locations":[{"start":{"line":73,"column":10},"end":{"line":75,"column":11}},{"start":{},"end":{}}],"line":73}},"s":{"0":1,"1":1,"2":1,"3":1,"4":0,"5":1,"6":1,"7":1,"8":1,"9":0,"10":0,"11":0,"12":0,"13":0,"14":0,"15":0,"16":0,"17":2,"18":2,"19":1,"20":1,"21":1,"22":1},"f":{"0":12,"1":1,"2":1,"3":0,"4":0,"5":2},"b":{"0":[1,0],"1":[1,0],"2":[1,0]},"_coverageSchema":"1a1c01bbd47fc00a2c39e90264f33305004495a9","hash":"a662c3ff61c6a333964e38a095ff628ee70dc8e3"}
,"C:\\Users\\Usuario\\Desktop\\WorthShelf\\webapp\\src\\components\\ListProducts\\Listproducts.tsx": {"path":"C:\\Users\\Usuario\\Desktop\\WorthShelf\\webapp\\src\\components\\ListProducts\\Listproducts.tsx","statementMap":{"0":{"start":{"line":9,"column":35},"end":{"line":9,"column":68}},"1":{"start":{"line":10,"column":20},"end":{"line":14,"column":5}},"2":{"start":{"line":11,"column":8},"end":{"line":13,"column":10}},"3":{"start":{"line":12,"column":12},"end":{"line":12,"column":38}},"4":{"start":{"line":15,"column":4},"end":{"line":17,"column":9}},"5":{"start":{"line":16,"column":4},"end":{"line":16,"column":13}},"6":{"start":{"line":18,"column":4},"end":{"line":32,"column":8}},"7":{"start":{"line":21,"column":12},"end":{"line":29,"column":52}}},"fnMap":{"0":{"name":"ListProducts","decl":{"start":{"line":8,"column":16},"end":{"line":8,"column":28}},"loc":{"start":{"line":8,"column":30},"end":{"line":33,"column":1}},"line":8},"1":{"name":"(anonymous_1)","decl":{"start":{"line":10,"column":20},"end":{"line":10,"column":21}},"loc":{"start":{"line":10,"column":29},"end":{"line":14,"column":5}},"line":10},"2":{"name":"(anonymous_2)","decl":{"start":{"line":11,"column":69},"end":{"line":11,"column":70}},"loc":{"start":{"line":11,"column":74},"end":{"line":13,"column":9}},"line":11},"3":{"name":"(anonymous_3)","decl":{"start":{"line":15,"column":14},"end":{"line":15,"column":15}},"loc":{"start":{"line":15,"column":18},"end":{"line":17,"column":5}},"line":15},"4":{"name":"(anonymous_4)","decl":{"start":{"line":20,"column":18},"end":{"line":20,"column":19}},"loc":{"start":{"line":20,"column":29},"end":{"line":30,"column":9}},"line":20}},"branchMap":{},"s":{"0":4,"1":3,"2":2,"3":2,"4":3,"5":2,"6":3,"7":0},"f":{"0":4,"1":2,"2":2,"3":2,"4":0},"b":{},"_coverageSchema":"1a1c01bbd47fc00a2c39e90264f33305004495a9","hash":"b7b1f0b228107ab2c6b436c133aea236ca3aad42"}
,"C:\\Users\\Usuario\\Desktop\\WorthShelf\\webapp\\src\\components\\LogInModal\\LoginModal.tsx": {"path":"C:\\Users\\Usuario\\Desktop\\WorthShelf\\webapp\\src\\components\\LogInModal\\LoginModal.tsx","statementMap":{"0":{"start":{"line":7,"column":19},"end":{"line":74,"column":1}},"1":{"start":{"line":8,"column":28},"end":{"line":8,"column":40}},"2":{"start":{"line":9,"column":34},"end":{"line":9,"column":46}},"3":{"start":{"line":10,"column":42},"end":{"line":10,"column":54}},"4":{"start":{"line":11,"column":23},"end":{"line":11,"column":39}},"5":{"start":{"line":12,"column":22},"end":{"line":22,"column":3}},"6":{"start":{"line":13,"column":4},"end":{"line":21,"column":5}},"7":{"start":{"line":14,"column":23},"end":{"line":14,"column":98}},"8":{"start":{"line":15,"column":6},"end":{"line":15,"column":54}},"9":{"start":{"line":16,"column":6},"end":{"line":16,"column":91}},"10":{"start":{"line":17,"column":6},"end":{"line":17,"column":20}},"11":{"start":{"line":19,"column":6},"end":{"line":19,"column":44}},"12":{"start":{"line":20,"column":6},"end":{"line":20,"column":52}},"13":{"start":{"line":24,"column":2},"end":{"line":73,"column":4}},"14":{"start":{"line":39,"column":33},"end":{"line":39,"column":57}},"15":{"start":{"line":49,"column":33},"end":{"line":49,"column":60}}},"fnMap":{"0":{"name":"(anonymous_0)","decl":{"start":{"line":7,"column":19},"end":{"line":7,"column":20}},"loc":{"start":{"line":7,"column":71},"end":{"line":74,"column":1}},"line":7},"1":{"name":"(anonymous_1)","decl":{"start":{"line":12,"column":22},"end":{"line":12,"column":23}},"loc":{"start":{"line":12,"column":34},"end":{"line":22,"column":3}},"line":12},"2":{"name":"(anonymous_2)","decl":{"start":{"line":39,"column":26},"end":{"line":39,"column":27}},"loc":{"start":{"line":39,"column":33},"end":{"line":39,"column":57}},"line":39},"3":{"name":"(anonymous_3)","decl":{"start":{"line":49,"column":26},"end":{"line":49,"column":27}},"loc":{"start":{"line":49,"column":33},"end":{"line":49,"column":60}},"line":49}},"branchMap":{"0":{"loc":{"start":{"line":54,"column":13},"end":{"line":54,"column":143}},"type":"binary-expr","locations":[{"start":{"line":54,"column":13},"end":{"line":54,"column":25}},{"start":{"line":54,"column":29},"end":{"line":54,"column":143}}],"line":54}},"s":{"0":4,"1":12,"2":12,"3":12,"4":12,"5":12,"6":2,"7":2,"8":1,"9":1,"10":1,"11":1,"12":1,"13":12,"14":2,"15":2},"f":{"0":12,"1":2,"2":2,"3":2},"b":{"0":[12,1]},"_coverageSchema":"1a1c01bbd47fc00a2c39e90264f33305004495a9","hash":"2e8c8ad68f48caa2932a2c1639ef6bd4acbe0408"}
,"C:\\Users\\Usuario\\Desktop\\WorthShelf\\webapp\\src\\components\\OrderSummary\\OrderSumary.tsx": {"path":"C:\\Users\\Usuario\\Desktop\\WorthShelf\\webapp\\src\\components\\OrderSummary\\OrderSumary.tsx","statementMap":{"0":{"start":{"line":3,"column":25},"end":{"line":43,"column":1}},"1":{"start":{"line":4,"column":2},"end":{"line":42,"column":4}},"2":{"start":{"line":13,"column":24},"end":{"line":27,"column":28}}},"fnMap":{"0":{"name":"(anonymous_0)","decl":{"start":{"line":3,"column":25},"end":{"line":3,"column":26}},"loc":{"start":{"line":3,"column":86},"end":{"line":43,"column":1}},"line":3},"1":{"name":"(anonymous_1)","decl":{"start":{"line":12,"column":42},"end":{"line":12,"column":43}},"loc":{"start":{"line":12,"column":53},"end":{"line":28,"column":21}},"line":12}},"branchMap":{"0":{"loc":{"start":{"line":12,"column":14},"end":{"line":12,"column":36}},"type":"binary-expr","locations":[{"start":{"line":12,"column":14},"end":{"line":12,"column":32}},{"start":{"line":12,"column":34},"end":{"line":12,"column":36}}],"line":12}},"s":{"0":3,"1":3,"2":4},"f":{"0":3,"1":4},"b":{"0":[3,0]},"_coverageSchema":"1a1c01bbd47fc00a2c39e90264f33305004495a9","hash":"2906947d39f78b85b02da7da61eab18255d51400"}
,"C:\\Users\\Usuario\\Desktop\\WorthShelf\\webapp\\src\\components\\ProductCard\\ProductCard.tsx": {"path":"C:\\Users\\Usuario\\Desktop\\WorthShelf\\webapp\\src\\components\\ProductCard\\ProductCard.tsx","statementMap":{"0":{"start":{"line":9,"column":27},"end":{"line":88,"column":3}},"1":{"start":{"line":10,"column":32},"end":{"line":10,"column":47}},"2":{"start":{"line":11,"column":39},"end":{"line":11,"column":90}},"3":{"start":{"line":12,"column":38},"end":{"line":12,"column":53}},"4":{"start":{"line":13,"column":21},"end":{"line":13,"column":37}},"5":{"start":{"line":14,"column":21},"end":{"line":14,"column":73}},"6":{"start":{"line":14,"column":47},"end":{"line":14,"column":72}},"7":{"start":{"line":15,"column":22},"end":{"line":15,"column":78}},"8":{"start":{"line":15,"column":48},"end":{"line":15,"column":77}},"9":{"start":{"line":17,"column":4},"end":{"line":22,"column":9}},"10":{"start":{"line":18,"column":6},"end":{"line":21,"column":7}},"11":{"start":{"line":19,"column":8},"end":{"line":19,"column":30}},"12":{"start":{"line":20,"column":8},"end":{"line":20,"column":15}},"13":{"start":{"line":24,"column":4},"end":{"line":29,"column":18}},"14":{"start":{"line":25,"column":6},"end":{"line":28,"column":7}},"15":{"start":{"line":26,"column":19},"end":{"line":26,"column":30}},"16":{"start":{"line":27,"column":7},"end":{"line":27,"column":21}},"17":{"start":{"line":31,"column":17},"end":{"line":35,"column":5}},"18":{"start":{"line":32,"column":6},"end":{"line":32,"column":40}},"19":{"start":{"line":33,"column":6},"end":{"line":33,"column":34}},"20":{"start":{"line":34,"column":6},"end":{"line":34,"column":22}},"21":{"start":{"line":37,"column":18},"end":{"line":40,"column":5}},"22":{"start":{"line":38,"column":6},"end":{"line":38,"column":33}},"23":{"start":{"line":39,"column":6},"end":{"line":39,"column":23}},"24":{"start":{"line":42,"column":22},"end":{"line":47,"column":5}},"25":{"start":{"line":43,"column":6},"end":{"line":45,"column":7}},"26":{"start":{"line":44,"column":8},"end":{"line":44,"column":26}},"27":{"start":{"line":49,"column":4},"end":{"line":87,"column":6}},"28":{"start":{"line":50,"column":137},"end":{"line":50,"column":143}},"29":{"start":{"line":64,"column":45},"end":{"line":64,"column":52}},"30":{"start":{"line":72,"column":59},"end":{"line":72,"column":66}},"31":{"start":{"line":78,"column":66},"end":{"line":78,"column":86}},"32":{"start":{"line":78,"column":87},"end":{"line":78,"column":94}},"33":{"start":{"line":79,"column":70},"end":{"line":79,"column":87}}},"fnMap":{"0":{"name":"(anonymous_0)","decl":{"start":{"line":9,"column":27},"end":{"line":9,"column":28}},"loc":{"start":{"line":9,"column":56},"end":{"line":88,"column":3}},"line":9},"1":{"name":"(anonymous_1)","decl":{"start":{"line":14,"column":36},"end":{"line":14,"column":37}},"loc":{"start":{"line":14,"column":47},"end":{"line":14,"column":72}},"line":14},"2":{"name":"(anonymous_2)","decl":{"start":{"line":15,"column":37},"end":{"line":15,"column":38}},"loc":{"start":{"line":15,"column":48},"end":{"line":15,"column":77}},"line":15},"3":{"name":"(anonymous_3)","decl":{"start":{"line":17,"column":14},"end":{"line":17,"column":15}},"loc":{"start":{"line":17,"column":18},"end":{"line":22,"column":5}},"line":17},"4":{"name":"(anonymous_4)","decl":{"start":{"line":24,"column":14},"end":{"line":24,"column":15}},"loc":{"start":{"line":24,"column":18},"end":{"line":29,"column":5}},"line":24},"5":{"name":"(anonymous_5)","decl":{"start":{"line":31,"column":17},"end":{"line":31,"column":18}},"loc":{"start":{"line":31,"column":23},"end":{"line":35,"column":5}},"line":31},"6":{"name":"(anonymous_6)","decl":{"start":{"line":37,"column":18},"end":{"line":37,"column":19}},"loc":{"start":{"line":37,"column":24},"end":{"line":40,"column":5}},"line":37},"7":{"name":"(anonymous_7)","decl":{"start":{"line":42,"column":22},"end":{"line":42,"column":23}},"loc":{"start":{"line":42,"column":39},"end":{"line":47,"column":5}},"line":42},"8":{"name":"(anonymous_8)","decl":{"start":{"line":50,"column":133},"end":{"line":50,"column":134}},"loc":{"start":{"line":50,"column":137},"end":{"line":50,"column":143}},"line":50},"9":{"name":"(anonymous_9)","decl":{"start":{"line":64,"column":40},"end":{"line":64,"column":41}},"loc":{"start":{"line":64,"column":45},"end":{"line":64,"column":52}},"line":64},"10":{"name":"(anonymous_10)","decl":{"start":{"line":72,"column":53},"end":{"line":72,"column":54}},"loc":{"start":{"line":72,"column":59},"end":{"line":72,"column":66}},"line":72},"11":{"name":"(anonymous_11)","decl":{"start":{"line":78,"column":61},"end":{"line":78,"column":62}},"loc":{"start":{"line":78,"column":65},"end":{"line":78,"column":95}},"line":78},"12":{"name":"(anonymous_12)","decl":{"start":{"line":79,"column":52},"end":{"line":79,"column":53}},"loc":{"start":{"line":79,"column":69},"end":{"line":79,"column":88}},"line":79}},"branchMap":{"0":{"loc":{"start":{"line":18,"column":6},"end":{"line":21,"column":7}},"type":"if","locations":[{"start":{"line":18,"column":6},"end":{"line":21,"column":7}},{"start":{},"end":{}}],"line":18},"1":{"loc":{"start":{"line":25,"column":6},"end":{"line":28,"column":7}},"type":"if","locations":[{"start":{"line":25,"column":6},"end":{"line":28,"column":7}},{"start":{},"end":{}}],"line":25},"2":{"loc":{"start":{"line":43,"column":6},"end":{"line":45,"column":7}},"type":"if","locations":[{"start":{"line":43,"column":6},"end":{"line":45,"column":7}},{"start":{},"end":{}}],"line":43},"3":{"loc":{"start":{"line":77,"column":11},"end":{"line":79,"column":109}},"type":"cond-expr","locations":[{"start":{"line":78,"column":11},"end":{"line":78,"column":116}},{"start":{"line":79,"column":11},"end":{"line":79,"column":108}}],"line":77}},"s":{"0":2,"1":1,"2":1,"3":1,"4":1,"5":1,"6":2,"7":1,"8":2,"9":1,"10":1,"11":0,"12":0,"13":1,"14":1,"15":0,"16":0,"17":1,"18":0,"19":0,"20":0,"21":1,"22":0,"23":0,"24":1,"25":0,"26":0,"27":1,"28":0,"29":0,"30":0,"31":0,"32":0,"33":0},"f":{"0":1,"1":2,"2":2,"3":1,"4":1,"5":0,"6":0,"7":0,"8":0,"9":0,"10":0,"11":0,"12":0},"b":{"0":[0,1],"1":[0,1],"2":[0,0],"3":[0,1]},"_coverageSchema":"1a1c01bbd47fc00a2c39e90264f33305004495a9","hash":"8621750d06964421035d9d57343f9fd11e54937d"}
,"C:\\Users\\Usuario\\Desktop\\WorthShelf\\webapp\\src\\components\\ProductDetails\\productDetails.tsx": {"path":"C:\\Users\\Usuario\\Desktop\\WorthShelf\\webapp\\src\\components\\ProductDetails\\productDetails.tsx","statementMap":{"0":{"start":{"line":10,"column":30},"end":{"line":168,"column":1}},"1":{"start":{"line":11,"column":20},"end":{"line":11,"column":66}},"2":{"start":{"line":11,"column":46},"end":{"line":11,"column":65}},"3":{"start":{"line":13,"column":36},"end":{"line":13,"column":69}},"4":{"start":{"line":14,"column":34},"end":{"line":14,"column":49}},"5":{"start":{"line":15,"column":25},"end":{"line":15,"column":44}},"6":{"start":{"line":16,"column":36},"end":{"line":16,"column":51}},"7":{"start":{"line":17,"column":48},"end":{"line":17,"column":63}},"8":{"start":{"line":18,"column":30},"end":{"line":18,"column":41}},"9":{"start":{"line":20,"column":19},"end":{"line":20,"column":35}},"10":{"start":{"line":22,"column":19},"end":{"line":30,"column":3}},"11":{"start":{"line":23,"column":4},"end":{"line":23,"column":23}},"12":{"start":{"line":24,"column":4},"end":{"line":24,"column":22}},"13":{"start":{"line":25,"column":4},"end":{"line":28,"column":5}},"14":{"start":{"line":26,"column":6},"end":{"line":26,"column":31}},"15":{"start":{"line":31,"column":2},"end":{"line":33,"column":9}},"16":{"start":{"line":32,"column":4},"end":{"line":32,"column":15}},"17":{"start":{"line":35,"column":14},"end":{"line":40,"column":3}},"18":{"start":{"line":36,"column":4},"end":{"line":39,"column":5}},"19":{"start":{"line":37,"column":6},"end":{"line":37,"column":28}},"20":{"start":{"line":38,"column":6},"end":{"line":38,"column":28}},"21":{"start":{"line":41,"column":14},"end":{"line":45,"column":3}},"22":{"start":{"line":42,"column":4},"end":{"line":44,"column":5}},"23":{"start":{"line":43,"column":6},"end":{"line":43,"column":28}},"24":{"start":{"line":47,"column":21},"end":{"line":54,"column":3}},"25":{"start":{"line":48,"column":18},"end":{"line":48,"column":65}},"26":{"start":{"line":49,"column":4},"end":{"line":53,"column":5}},"27":{"start":{"line":50,"column":6},"end":{"line":50,"column":23}},"28":{"start":{"line":52,"column":6},"end":{"line":52,"column":19}},"29":{"start":{"line":56,"column":12},"end":{"line":60,"column":3}},"30":{"start":{"line":57,"column":4},"end":{"line":57,"column":37}},"31":{"start":{"line":58,"column":4},"end":{"line":58,"column":23}},"32":{"start":{"line":59,"column":4},"end":{"line":59,"column":28}},"33":{"start":{"line":62,"column":27},"end":{"line":68,"column":3}},"34":{"start":{"line":63,"column":4},"end":{"line":65,"column":5}},"35":{"start":{"line":64,"column":6},"end":{"line":64,"column":23}},"36":{"start":{"line":66,"column":4},"end":{"line":66,"column":23}},"37":{"start":{"line":67,"column":4},"end":{"line":67,"column":29}},"38":{"start":{"line":69,"column":2},"end":{"line":167,"column":4}},"39":{"start":{"line":84,"column":18},"end":{"line":90,"column":20}},"40":{"start":{"line":89,"column":35},"end":{"line":89,"column":54}},"41":{"start":{"line":109,"column":35},"end":{"line":109,"column":53}},"42":{"start":{"line":119,"column":39},"end":{"line":119,"column":44}},"43":{"start":{"line":128,"column":43},"end":{"line":128,"column":56}},"44":{"start":{"line":135,"column":39},"end":{"line":135,"column":44}},"45":{"start":{"line":144,"column":37},"end":{"line":144,"column":42}},"46":{"start":{"line":162,"column":10},"end":{"line":162,"column":27}},"47":{"start":{"line":165,"column":67},"end":{"line":165,"column":91}}},"fnMap":{"0":{"name":"(anonymous_0)","decl":{"start":{"line":10,"column":30},"end":{"line":10,"column":31}},"loc":{"start":{"line":10,"column":98},"end":{"line":168,"column":1}},"line":10},"1":{"name":"(anonymous_1)","decl":{"start":{"line":11,"column":35},"end":{"line":11,"column":36}},"loc":{"start":{"line":11,"column":46},"end":{"line":11,"column":65}},"line":11},"2":{"name":"(anonymous_2)","decl":{"start":{"line":22,"column":19},"end":{"line":22,"column":20}},"loc":{"start":{"line":22,"column":37},"end":{"line":30,"column":3}},"line":22},"3":{"name":"(anonymous_3)","decl":{"start":{"line":31,"column":12},"end":{"line":31,"column":13}},"loc":{"start":{"line":31,"column":18},"end":{"line":33,"column":3}},"line":31},"4":{"name":"(anonymous_4)","decl":{"start":{"line":35,"column":14},"end":{"line":35,"column":15}},"loc":{"start":{"line":35,"column":20},"end":{"line":40,"column":3}},"line":35},"5":{"name":"(anonymous_5)","decl":{"start":{"line":41,"column":14},"end":{"line":41,"column":15}},"loc":{"start":{"line":41,"column":20},"end":{"line":45,"column":3}},"line":41},"6":{"name":"(anonymous_6)","decl":{"start":{"line":47,"column":21},"end":{"line":47,"column":22}},"loc":{"start":{"line":47,"column":33},"end":{"line":54,"column":3}},"line":47},"7":{"name":"(anonymous_7)","decl":{"start":{"line":56,"column":12},"end":{"line":56,"column":13}},"loc":{"start":{"line":56,"column":16},"end":{"line":60,"column":3}},"line":56},"8":{"name":"(anonymous_8)","decl":{"start":{"line":62,"column":27},"end":{"line":62,"column":28}},"loc":{"start":{"line":62,"column":40},"end":{"line":68,"column":3}},"line":62},"9":{"name":"(anonymous_9)","decl":{"start":{"line":83,"column":33},"end":{"line":83,"column":34}},"loc":{"start":{"line":84,"column":18},"end":{"line":90,"column":20}},"line":84},"10":{"name":"(anonymous_10)","decl":{"start":{"line":89,"column":29},"end":{"line":89,"column":30}},"loc":{"start":{"line":89,"column":35},"end":{"line":89,"column":54}},"line":89},"11":{"name":"(anonymous_11)","decl":{"start":{"line":109,"column":29},"end":{"line":109,"column":30}},"loc":{"start":{"line":109,"column":35},"end":{"line":109,"column":53}},"line":109},"12":{"name":"(anonymous_12)","decl":{"start":{"line":119,"column":33},"end":{"line":119,"column":34}},"loc":{"start":{"line":119,"column":39},"end":{"line":119,"column":44}},"line":119},"13":{"name":"(anonymous_13)","decl":{"start":{"line":128,"column":36},"end":{"line":128,"column":37}},"loc":{"start":{"line":128,"column":43},"end":{"line":128,"column":56}},"line":128},"14":{"name":"(anonymous_14)","decl":{"start":{"line":135,"column":33},"end":{"line":135,"column":34}},"loc":{"start":{"line":135,"column":39},"end":{"line":135,"column":44}},"line":135},"15":{"name":"(anonymous_15)","decl":{"start":{"line":144,"column":31},"end":{"line":144,"column":32}},"loc":{"start":{"line":144,"column":37},"end":{"line":144,"column":42}},"line":144},"16":{"name":"(anonymous_16)","decl":{"start":{"line":161,"column":17},"end":{"line":161,"column":18}},"loc":{"start":{"line":161,"column":37},"end":{"line":163,"column":9}},"line":161},"17":{"name":"(anonymous_17)","decl":{"start":{"line":165,"column":54},"end":{"line":165,"column":55}},"loc":{"start":{"line":165,"column":66},"end":{"line":165,"column":92}},"line":165}},"branchMap":{"0":{"loc":{"start":{"line":13,"column":45},"end":{"line":13,"column":68}},"type":"binary-expr","locations":[{"start":{"line":13,"column":45},"end":{"line":13,"column":62}},{"start":{"line":13,"column":66},"end":{"line":13,"column":68}}],"line":13},"1":{"loc":{"start":{"line":25,"column":4},"end":{"line":28,"column":5}},"type":"if","locations":[{"start":{"line":25,"column":4},"end":{"line":28,"column":5}},{"start":{},"end":{}}],"line":25},"2":{"loc":{"start":{"line":25,"column":8},"end":{"line":25,"column":41}},"type":"binary-expr","locations":[{"start":{"line":25,"column":8},"end":{"line":25,"column":13}},{"start":{"line":25,"column":18},"end":{"line":25,"column":22}},{"start":{"line":25,"column":25},"end":{"line":25,"column":40}}],"line":25},"3":{"loc":{"start":{"line":36,"column":4},"end":{"line":39,"column":5}},"type":"if","locations":[{"start":{"line":36,"column":4},"end":{"line":39,"column":5}},{"start":{},"end":{}}],"line":36},"4":{"loc":{"start":{"line":42,"column":4},"end":{"line":44,"column":5}},"type":"if","locations":[{"start":{"line":42,"column":4},"end":{"line":44,"column":5}},{"start":{},"end":{}}],"line":42},"5":{"loc":{"start":{"line":48,"column":18},"end":{"line":48,"column":65}},"type":"cond-expr","locations":[{"start":{"line":48,"column":35},"end":{"line":48,"column":61}},{"start":{"line":48,"column":64},"end":{"line":48,"column":65}}],"line":48},"6":{"loc":{"start":{"line":49,"column":4},"end":{"line":53,"column":5}},"type":"if","locations":[{"start":{"line":49,"column":4},"end":{"line":53,"column":5}},{"start":{"line":51,"column":11},"end":{"line":53,"column":5}}],"line":49},"7":{"loc":{"start":{"line":49,"column":8},"end":{"line":49,"column":41}},"type":"binary-expr","locations":[{"start":{"line":49,"column":8},"end":{"line":49,"column":18}},{"start":{"line":49,"column":22},"end":{"line":49,"column":41}}],"line":49},"8":{"loc":{"start":{"line":63,"column":4},"end":{"line":65,"column":5}},"type":"if","locations":[{"start":{"line":63,"column":4},"end":{"line":65,"column":5}},{"start":{},"end":{}}],"line":63},"9":{"loc":{"start":{"line":106,"column":17},"end":{"line":150,"column":17}},"type":"cond-expr","locations":[{"start":{"line":107,"column":18},"end":{"line":112,"column":27}},{"start":{"line":114,"column":18},"end":{"line":149,"column":24}}],"line":106},"10":{"loc":{"start":{"line":142,"column":26},"end":{"line":142,"column":169}},"type":"cond-expr","locations":[{"start":{"line":142,"column":41},"end":{"line":142,"column":106}},{"start":{"line":142,"column":107},"end":{"line":142,"column":169}}],"line":142}},"s":{"0":3,"1":3,"2":0,"3":3,"4":3,"5":3,"6":3,"7":3,"8":3,"9":3,"10":3,"11":3,"12":3,"13":3,"14":0,"15":3,"16":3,"17":3,"18":0,"19":0,"20":0,"21":3,"22":0,"23":0,"24":3,"25":0,"26":0,"27":0,"28":0,"29":3,"30":0,"31":0,"32":0,"33":3,"34":0,"35":0,"36":0,"37":0,"38":3,"39":6,"40":0,"41":0,"42":0,"43":0,"44":0,"45":0,"46":0,"47":0},"f":{"0":3,"1":0,"2":3,"3":3,"4":0,"5":0,"6":0,"7":0,"8":0,"9":6,"10":0,"11":0,"12":0,"13":0,"14":0,"15":0,"16":0,"17":0},"b":{"0":[3,0],"1":[0,3],"2":[3,3,0],"3":[0,0],"4":[0,0],"5":[0,0],"6":[0,0],"7":[0,0],"8":[0,0],"9":[3,0],"10":[0,0]},"_coverageSchema":"1a1c01bbd47fc00a2c39e90264f33305004495a9","hash":"1a97cb3a2013b0cfb5b25ae735d00099f0999308"}
,"C:\\Users\\Usuario\\Desktop\\WorthShelf\\webapp\\src\\components\\TransactionForm\\transactionForm.tsx": {"path":"C:\\Users\\Usuario\\Desktop\\WorthShelf\\webapp\\src\\components\\TransactionForm\\transactionForm.tsx","statementMap":{"0":{"start":{"line":12,"column":21},"end":{"line":350,"column":1}},"1":{"start":{"line":19,"column":23},"end":{"line":24,"column":3}},"2":{"start":{"line":25,"column":20},"end":{"line":25,"column":72}},"3":{"start":{"line":25,"column":46},"end":{"line":25,"column":71}},"4":{"start":{"line":26,"column":20},"end":{"line":26,"column":70}},"5":{"start":{"line":26,"column":46},"end":{"line":26,"column":69}},"6":{"start":{"line":27,"column":19},"end":{"line":27,"column":65}},"7":{"start":{"line":27,"column":45},"end":{"line":27,"column":64}},"8":{"start":{"line":28,"column":34},"end":{"line":28,"column":46}},"9":{"start":{"line":29,"column":40},"end":{"line":29,"column":55}},"10":{"start":{"line":30,"column":42},"end":{"line":30,"column":54}},"11":{"start":{"line":31,"column":38},"end":{"line":31,"column":52}},"12":{"start":{"line":32,"column":40},"end":{"line":32,"column":51}},"13":{"start":{"line":33,"column":42},"end":{"line":33,"column":57}},"14":{"start":{"line":34,"column":19},"end":{"line":34,"column":35}},"15":{"start":{"line":36,"column":21},"end":{"line":48,"column":3}},"16":{"start":{"line":37,"column":4},"end":{"line":47,"column":5}},"17":{"start":{"line":38,"column":6},"end":{"line":46,"column":9}},"18":{"start":{"line":39,"column":22},"end":{"line":39,"column":42}},"19":{"start":{"line":40,"column":8},"end":{"line":44,"column":9}},"20":{"start":{"line":41,"column":10},"end":{"line":41,"column":30}},"21":{"start":{"line":42,"column":10},"end":{"line":42,"column":67}},"22":{"start":{"line":43,"column":10},"end":{"line":43,"column":17}},"23":{"start":{"line":45,"column":8},"end":{"line":45,"column":29}},"24":{"start":{"line":50,"column":30},"end":{"line":88,"column":3}},"25":{"start":{"line":51,"column":4},"end":{"line":86,"column":5}},"26":{"start":{"line":52,"column":6},"end":{"line":52,"column":27}},"27":{"start":{"line":53,"column":24},"end":{"line":53,"column":31}},"28":{"start":{"line":54,"column":43},"end":{"line":68,"column":7}},"29":{"start":{"line":69,"column":23},"end":{"line":73,"column":7}},"30":{"start":{"line":74,"column":6},"end":{"line":74,"column":33}},"31":{"start":{"line":75,"column":6},"end":{"line":81,"column":7}},"32":{"start":{"line":76,"column":8},"end":{"line":76,"column":73}},"33":{"start":{"line":77,"column":8},"end":{"line":77,"column":15}},"34":{"start":{"line":79,"column":8},"end":{"line":79,"column":47}},"35":{"start":{"line":80,"column":8},"end":{"line":80,"column":22}},"36":{"start":{"line":83,"column":6},"end":{"line":83,"column":28}},"37":{"start":{"line":85,"column":6},"end":{"line":85,"column":21}},"38":{"start":{"line":90,"column":2},"end":{"line":131,"column":26}},"39":{"start":{"line":91,"column":4},"end":{"line":130,"column":5}},"40":{"start":{"line":92,"column":26},"end":{"line":127,"column":7}},"41":{"start":{"line":93,"column":22},"end":{"line":93,"column":54}},"42":{"start":{"line":94,"column":22},"end":{"line":94,"column":52}},"43":{"start":{"line":95,"column":26},"end":{"line":101,"column":10}},"44":{"start":{"line":102,"column":26},"end":{"line":102,"column":75}},"45":{"start":{"line":103,"column":8},"end":{"line":103,"column":39}},"46":{"start":{"line":104,"column":8},"end":{"line":104,"column":36}},"47":{"start":{"line":105,"column":53},"end":{"line":118,"column":9}},"48":{"start":{"line":120,"column":25},"end":{"line":122,"column":9}},"49":{"start":{"line":123,"column":8},"end":{"line":125,"column":9}},"50":{"start":{"line":124,"column":10},"end":{"line":124,"column":114}},"51":{"start":{"line":126,"column":8},"end":{"line":126,"column":51}},"52":{"start":{"line":128,"column":6},"end":{"line":128,"column":20}},"53":{"start":{"line":129,"column":6},"end":{"line":129,"column":24}},"54":{"start":{"line":132,"column":2},"end":{"line":134,"column":5}},"55":{"start":{"line":133,"column":4},"end":{"line":133,"column":17}},"56":{"start":{"line":136,"column":2},"end":{"line":141,"column":19}},"57":{"start":{"line":137,"column":4},"end":{"line":140,"column":5}},"58":{"start":{"line":138,"column":6},"end":{"line":138,"column":47}},"59":{"start":{"line":139,"column":6},"end":{"line":139,"column":16}},"60":{"start":{"line":143,"column":34},"end":{"line":148,"column":4}},"61":{"start":{"line":150,"column":38},"end":{"line":154,"column":4}},"62":{"start":{"line":156,"column":28},"end":{"line":162,"column":3}},"63":{"start":{"line":157,"column":28},"end":{"line":157,"column":40}},"64":{"start":{"line":158,"column":4},"end":{"line":161,"column":7}},"65":{"start":{"line":164,"column":32},"end":{"line":170,"column":3}},"66":{"start":{"line":165,"column":28},"end":{"line":165,"column":40}},"67":{"start":{"line":166,"column":4},"end":{"line":169,"column":7}},"68":{"start":{"line":172,"column":26},"end":{"line":184,"column":3}},"69":{"start":{"line":173,"column":18},"end":{"line":173,"column":32}},"70":{"start":{"line":174,"column":4},"end":{"line":177,"column":7}},"71":{"start":{"line":179,"column":17},"end":{"line":179,"column":38}},"72":{"start":{"line":180,"column":4},"end":{"line":180,"column":22}},"73":{"start":{"line":182,"column":18},"end":{"line":182,"column":43}},"74":{"start":{"line":183,"column":4},"end":{"line":183,"column":26}},"75":{"start":{"line":186,"column":23},"end":{"line":207,"column":3}},"76":{"start":{"line":187,"column":4},"end":{"line":187,"column":23}},"77":{"start":{"line":188,"column":4},"end":{"line":188,"column":23}},"78":{"start":{"line":190,"column":4},"end":{"line":193,"column":5}},"79":{"start":{"line":191,"column":6},"end":{"line":191,"column":46}},"80":{"start":{"line":192,"column":6},"end":{"line":192,"column":13}},"81":{"start":{"line":195,"column":4},"end":{"line":198,"column":5}},"82":{"start":{"line":196,"column":6},"end":{"line":196,"column":64}},"83":{"start":{"line":197,"column":6},"end":{"line":197,"column":13}},"84":{"start":{"line":200,"column":4},"end":{"line":203,"column":5}},"85":{"start":{"line":201,"column":6},"end":{"line":201,"column":66}},"86":{"start":{"line":202,"column":6},"end":{"line":202,"column":13}},"87":{"start":{"line":204,"column":4},"end":{"line":204,"column":36}},"88":{"start":{"line":205,"column":4},"end":{"line":205,"column":40}},"89":{"start":{"line":206,"column":4},"end":{"line":206,"column":21}},"90":{"start":{"line":208,"column":2},"end":{"line":349,"column":4}},"91":{"start":{"line":352,"column":23},"end":{"line":368,"column":1}},"92":{"start":{"line":353,"column":19},"end":{"line":360,"column":3}},"93":{"start":{"line":362,"column":2},"end":{"line":366,"column":3}},"94":{"start":{"line":363,"column":4},"end":{"line":365,"column":5}},"95":{"start":{"line":364,"column":6},"end":{"line":364,"column":18}},"96":{"start":{"line":367,"column":2},"end":{"line":367,"column":19}},"97":{"start":{"line":370,"column":27},"end":{"line":388,"column":1}},"98":{"start":{"line":371,"column":20},"end":{"line":371,"column":49}},"99":{"start":{"line":372,"column":12},"end":{"line":372,"column":13}},"100":{"start":{"line":373,"column":21},"end":{"line":373,"column":26}},"101":{"start":{"line":375,"column":2},"end":{"line":385,"column":3}},"102":{"start":{"line":375,"column":15},"end":{"line":375,"column":35}},"103":{"start":{"line":376,"column":16},"end":{"line":376,"column":49}},"104":{"start":{"line":378,"column":4},"end":{"line":381,"column":5}},"105":{"start":{"line":379,"column":6},"end":{"line":379,"column":17}},"106":{"start":{"line":380,"column":6},"end":{"line":380,"column":32}},"107":{"start":{"line":380,"column":21},"end":{"line":380,"column":32}},"108":{"start":{"line":383,"column":4},"end":{"line":383,"column":17}},"109":{"start":{"line":384,"column":4},"end":{"line":384,"column":33}},"110":{"start":{"line":387,"column":2},"end":{"line":387,"column":24}}},"fnMap":{"0":{"name":"(anonymous_0)","decl":{"start":{"line":12,"column":21},"end":{"line":12,"column":22}},"loc":{"start":{"line":18,"column":6},"end":{"line":350,"column":1}},"line":18},"1":{"name":"(anonymous_1)","decl":{"start":{"line":25,"column":35},"end":{"line":25,"column":36}},"loc":{"start":{"line":25,"column":46},"end":{"line":25,"column":71}},"line":25},"2":{"name":"(anonymous_2)","decl":{"start":{"line":26,"column":35},"end":{"line":26,"column":36}},"loc":{"start":{"line":26,"column":46},"end":{"line":26,"column":69}},"line":26},"3":{"name":"(anonymous_3)","decl":{"start":{"line":27,"column":34},"end":{"line":27,"column":35}},"loc":{"start":{"line":27,"column":45},"end":{"line":27,"column":64}},"line":27},"4":{"name":"(anonymous_4)","decl":{"start":{"line":36,"column":21},"end":{"line":36,"column":22}},"loc":{"start":{"line":36,"column":27},"end":{"line":48,"column":3}},"line":36},"5":{"name":"(anonymous_5)","decl":{"start":{"line":38,"column":70},"end":{"line":38,"column":71}},"loc":{"start":{"line":38,"column":79},"end":{"line":46,"column":7}},"line":38},"6":{"name":"(anonymous_6)","decl":{"start":{"line":50,"column":30},"end":{"line":50,"column":31}},"loc":{"start":{"line":50,"column":58},"end":{"line":88,"column":3}},"line":50},"7":{"name":"(anonymous_7)","decl":{"start":{"line":90,"column":12},"end":{"line":90,"column":13}},"loc":{"start":{"line":90,"column":18},"end":{"line":131,"column":3}},"line":90},"8":{"name":"(anonymous_8)","decl":{"start":{"line":92,"column":26},"end":{"line":92,"column":27}},"loc":{"start":{"line":92,"column":38},"end":{"line":127,"column":7}},"line":92},"9":{"name":"(anonymous_9)","decl":{"start":{"line":132,"column":12},"end":{"line":132,"column":13}},"loc":{"start":{"line":132,"column":18},"end":{"line":134,"column":3}},"line":132},"10":{"name":"(anonymous_10)","decl":{"start":{"line":136,"column":12},"end":{"line":136,"column":13}},"loc":{"start":{"line":136,"column":18},"end":{"line":141,"column":3}},"line":136},"11":{"name":"(anonymous_11)","decl":{"start":{"line":156,"column":28},"end":{"line":156,"column":29}},"loc":{"start":{"line":156,"column":44},"end":{"line":162,"column":3}},"line":156},"12":{"name":"(anonymous_12)","decl":{"start":{"line":164,"column":32},"end":{"line":164,"column":33}},"loc":{"start":{"line":164,"column":48},"end":{"line":170,"column":3}},"line":164},"13":{"name":"(anonymous_13)","decl":{"start":{"line":172,"column":26},"end":{"line":172,"column":27}},"loc":{"start":{"line":172,"column":38},"end":{"line":184,"column":3}},"line":172},"14":{"name":"(anonymous_14)","decl":{"start":{"line":186,"column":23},"end":{"line":186,"column":24}},"loc":{"start":{"line":186,"column":41},"end":{"line":207,"column":3}},"line":186},"15":{"name":"(anonymous_15)","decl":{"start":{"line":352,"column":23},"end":{"line":352,"column":24}},"loc":{"start":{"line":352,"column":47},"end":{"line":368,"column":1}},"line":352},"16":{"name":"(anonymous_16)","decl":{"start":{"line":370,"column":27},"end":{"line":370,"column":28}},"loc":{"start":{"line":370,"column":51},"end":{"line":388,"column":1}},"line":370}},"branchMap":{"0":{"loc":{"start":{"line":20,"column":4},"end":{"line":20,"column":36}},"type":"binary-expr","locations":[{"start":{"line":20,"column":4},"end":{"line":20,"column":32}},{"start":{"line":20,"column":34},"end":{"line":20,"column":36}}],"line":20},"1":{"loc":{"start":{"line":21,"column":4},"end":{"line":21,"column":34}},"type":"binary-expr","locations":[{"start":{"line":21,"column":4},"end":{"line":21,"column":30}},{"start":{"line":21,"column":32},"end":{"line":21,"column":34}}],"line":21},"2":{"loc":{"start":{"line":22,"column":4},"end":{"line":22,"column":36}},"type":"binary-expr","locations":[{"start":{"line":22,"column":4},"end":{"line":22,"column":32}},{"start":{"line":22,"column":34},"end":{"line":22,"column":36}}],"line":22},"3":{"loc":{"start":{"line":37,"column":4},"end":{"line":47,"column":5}},"type":"if","locations":[{"start":{"line":37,"column":4},"end":{"line":47,"column":5}},{"start":{},"end":{}}],"line":37},"4":{"loc":{"start":{"line":40,"column":8},"end":{"line":44,"column":9}},"type":"if","locations":[{"start":{"line":40,"column":8},"end":{"line":44,"column":9}},{"start":{},"end":{}}],"line":40},"5":{"loc":{"start":{"line":40,"column":12},"end":{"line":40,"column":39}},"type":"binary-expr","locations":[{"start":{"line":40,"column":12},"end":{"line":40,"column":17}},{"start":{"line":40,"column":21},"end":{"line":40,"column":39}}],"line":40},"6":{"loc":{"start":{"line":65,"column":25},"end":{"line":65,"column":40}},"type":"binary-expr","locations":[{"start":{"line":65,"column":25},"end":{"line":65,"column":34}},{"start":{"line":65,"column":38},"end":{"line":65,"column":40}}],"line":65},"7":{"loc":{"start":{"line":67,"column":23},"end":{"line":67,"column":38}},"type":"binary-expr","locations":[{"start":{"line":67,"column":23},"end":{"line":67,"column":32}},{"start":{"line":67,"column":36},"end":{"line":67,"column":38}}],"line":67},"8":{"loc":{"start":{"line":75,"column":6},"end":{"line":81,"column":7}},"type":"if","locations":[{"start":{"line":75,"column":6},"end":{"line":81,"column":7}},{"start":{"line":78,"column":13},"end":{"line":81,"column":7}}],"line":75},"9":{"loc":{"start":{"line":91,"column":4},"end":{"line":130,"column":5}},"type":"if","locations":[{"start":{"line":91,"column":4},"end":{"line":130,"column":5}},{"start":{},"end":{}}],"line":91},"10":{"loc":{"start":{"line":123,"column":8},"end":{"line":125,"column":9}},"type":"if","locations":[{"start":{"line":123,"column":8},"end":{"line":125,"column":9}},{"start":{},"end":{}}],"line":123},"11":{"loc":{"start":{"line":126,"column":34},"end":{"line":126,"column":50}},"type":"binary-expr","locations":[{"start":{"line":126,"column":34},"end":{"line":126,"column":42}},{"start":{"line":126,"column":44},"end":{"line":126,"column":50}}],"line":126},"12":{"loc":{"start":{"line":137,"column":4},"end":{"line":140,"column":5}},"type":"if","locations":[{"start":{"line":137,"column":4},"end":{"line":140,"column":5}},{"start":{},"end":{}}],"line":137},"13":{"loc":{"start":{"line":190,"column":4},"end":{"line":193,"column":5}},"type":"if","locations":[{"start":{"line":190,"column":4},"end":{"line":193,"column":5}},{"start":{},"end":{}}],"line":190},"14":{"loc":{"start":{"line":195,"column":4},"end":{"line":198,"column":5}},"type":"if","locations":[{"start":{"line":195,"column":4},"end":{"line":198,"column":5}},{"start":{},"end":{}}],"line":195},"15":{"loc":{"start":{"line":200,"column":4},"end":{"line":203,"column":5}},"type":"if","locations":[{"start":{"line":200,"column":4},"end":{"line":203,"column":5}},{"start":{},"end":{}}],"line":200},"16":{"loc":{"start":{"line":291,"column":13},"end":{"line":291,"column":75}},"type":"binary-expr","locations":[{"start":{"line":291,"column":13},"end":{"line":291,"column":21}},{"start":{"line":291,"column":25},"end":{"line":291,"column":75}}],"line":291},"17":{"loc":{"start":{"line":294,"column":16},"end":{"line":294,"column":49}},"type":"cond-expr","locations":[{"start":{"line":294,"column":30},"end":{"line":294,"column":37}},{"start":{"line":294,"column":40},"end":{"line":294,"column":49}}],"line":294},"18":{"loc":{"start":{"line":297,"column":15},"end":{"line":297,"column":64}},"type":"cond-expr","locations":[{"start":{"line":297,"column":29},"end":{"line":297,"column":44}},{"start":{"line":297,"column":47},"end":{"line":297,"column":64}}],"line":297},"19":{"loc":{"start":{"line":329,"column":11},"end":{"line":329,"column":74}},"type":"binary-expr","locations":[{"start":{"line":329,"column":11},"end":{"line":329,"column":23}},{"start":{"line":329,"column":27},"end":{"line":329,"column":74}}],"line":329},"20":{"loc":{"start":{"line":363,"column":4},"end":{"line":365,"column":5}},"type":"if","locations":[{"start":{"line":363,"column":4},"end":{"line":365,"column":5}},{"start":{},"end":{}}],"line":363},"21":{"loc":{"start":{"line":378,"column":4},"end":{"line":381,"column":5}},"type":"if","locations":[{"start":{"line":378,"column":4},"end":{"line":381,"column":5}},{"start":{},"end":{}}],"line":378},"22":{"loc":{"start":{"line":380,"column":6},"end":{"line":380,"column":32}},"type":"if","locations":[{"start":{"line":380,"column":6},"end":{"line":380,"column":32}},{"start":{},"end":{}}],"line":380}},"s":{"0":4,"1":8,"2":8,"3":0,"4":8,"5":0,"6":8,"7":0,"8":8,"9":8,"10":8,"11":8,"12":8,"13":8,"14":8,"15":8,"16":8,"17":5,"18":5,"19":5,"20":0,"21":0,"22":0,"23":5,"24":8,"25":0,"26":0,"27":0,"28":0,"29":0,"30":0,"31":0,"32":0,"33":0,"34":0,"35":0,"36":0,"37":0,"38":8,"39":6,"40":0,"41":0,"42":0,"43":0,"44":0,"45":0,"46":0,"47":0,"48":0,"49":0,"50":0,"51":0,"52":0,"53":0,"54":8,"55":8,"56":8,"57":6,"58":0,"59":0,"60":8,"61":8,"62":8,"63":0,"64":0,"65":8,"66":0,"67":0,"68":8,"69":2,"70":2,"71":2,"72":2,"73":2,"74":2,"75":8,"76":0,"77":0,"78":0,"79":0,"80":0,"81":0,"82":0,"83":0,"84":0,"85":0,"86":0,"87":0,"88":0,"89":0,"90":8,"91":4,"92":2,"93":2,"94":7,"95":1,"96":1,"97":4,"98":2,"99":2,"100":2,"101":2,"102":2,"103":19,"104":19,"105":9,"106":9,"107":0,"108":19,"109":19,"110":2},"f":{"0":8,"1":0,"2":0,"3":0,"4":8,"5":5,"6":0,"7":6,"8":0,"9":8,"10":6,"11":0,"12":0,"13":2,"14":0,"15":2,"16":2},"b":{"0":[8,8],"1":[8,8],"2":[8,8],"3":[5,3],"4":[0,5],"5":[5,5],"6":[0,0],"7":[0,0],"8":[0,0],"9":[0,6],"10":[0,0],"11":[0,0],"12":[0,6],"13":[0,0],"14":[0,0],"15":[0,0],"16":[8,2],"17":[1,7],"18":[1,7],"19":[8,0],"20":[1,6],"21":[9,10],"22":[0,9]},"_coverageSchema":"1a1c01bbd47fc00a2c39e90264f33305004495a9","hash":"84a5ede5d82e2a23d73987e5224aeb048eb7281b"}
,"C:\\Users\\Usuario\\Desktop\\WorthShelf\\webapp\\src\\store\\store.config.ts": {"path":"C:\\Users\\Usuario\\Desktop\\WorthShelf\\webapp\\src\\store\\store.config.ts","statementMap":{"0":{"start":{"line":10,"column":22},"end":{"line":13,"column":3}},"1":{"start":{"line":15,"column":21},"end":{"line":25,"column":4}},"2":{"start":{"line":22,"column":8},"end":{"line":22,"column":43}},"3":{"start":{"line":27,"column":22},"end":{"line":37,"column":4}},"4":{"start":{"line":34,"column":8},"end":{"line":34,"column":42}},"5":{"start":{"line":39,"column":20},"end":{"line":55,"column":4}},"6":{"start":{"line":52,"column":8},"end":{"line":52,"column":40}},"7":{"start":{"line":56,"column":26},"end":{"line":72,"column":4}},"8":{"start":{"line":69,"column":8},"end":{"line":69,"column":43}},"9":{"start":{"line":73,"column":23},"end":{"line":78,"column":4}},"10":{"start":{"line":80,"column":21},"end":{"line":80,"column":64}},"11":{"start":{"line":82,"column":23},"end":{"line":85,"column":4}},"12":{"start":{"line":84,"column":41},"end":{"line":84,"column":63}},"13":{"start":{"line":87,"column":32},"end":{"line":87,"column":52}},"14":{"start":{"line":88,"column":28},"end":{"line":88,"column":45}},"15":{"start":{"line":89,"column":32},"end":{"line":89,"column":51}},"16":{"start":{"line":90,"column":25},"end":{"line":90,"column":48}},"17":{"start":{"line":94,"column":25},"end":{"line":94,"column":44}},"18":{"start":{"line":96,"column":30},"end":{"line":96,"column":62}},"19":{"start":{"line":96,"column":36},"end":{"line":96,"column":62}},"20":{"start":{"line":97,"column":30},"end":{"line":97,"column":96}},"21":{"start":{"line":97,"column":75},"end":{"line":97,"column":96}}},"fnMap":{"0":{"name":"(anonymous_0)","decl":{"start":{"line":21,"column":20},"end":{"line":21,"column":21}},"loc":{"start":{"line":21,"column":62},"end":{"line":23,"column":7}},"line":21},"1":{"name":"(anonymous_1)","decl":{"start":{"line":33,"column":23},"end":{"line":33,"column":24}},"loc":{"start":{"line":33,"column":65},"end":{"line":35,"column":7}},"line":33},"2":{"name":"(anonymous_2)","decl":{"start":{"line":51,"column":19},"end":{"line":51,"column":20}},"loc":{"start":{"line":51,"column":59},"end":{"line":53,"column":7}},"line":51},"3":{"name":"(anonymous_3)","decl":{"start":{"line":68,"column":16},"end":{"line":68,"column":17}},"loc":{"start":{"line":68,"column":70},"end":{"line":70,"column":7}},"line":68},"4":{"name":"(anonymous_4)","decl":{"start":{"line":84,"column":15},"end":{"line":84,"column":16}},"loc":{"start":{"line":84,"column":41},"end":{"line":84,"column":63}},"line":84},"5":{"name":"(anonymous_5)","decl":{"start":{"line":96,"column":30},"end":{"line":96,"column":31}},"loc":{"start":{"line":96,"column":36},"end":{"line":96,"column":62}},"line":96},"6":{"name":"(anonymous_6)","decl":{"start":{"line":97,"column":30},"end":{"line":97,"column":31}},"loc":{"start":{"line":97,"column":75},"end":{"line":97,"column":96}},"line":97}},"branchMap":{},"s":{"0":5,"1":5,"2":0,"3":5,"4":0,"5":5,"6":0,"7":5,"8":0,"9":5,"10":5,"11":5,"12":5,"13":5,"14":5,"15":5,"16":5,"17":5,"18":5,"19":10,"20":5,"21":2},"f":{"0":0,"1":0,"2":0,"3":0,"4":5,"5":10,"6":2},"b":{},"_coverageSchema":"1a1c01bbd47fc00a2c39e90264f33305004495a9","hash":"b830f4a8363878f66363807144651935636d92f0"}
}
