TN:
SF:src\External\Wompi.service.ts
FN:19,(anonymous_0)
FN:24,(anonymous_1)
FN:35,(anonymous_2)
FN:52,(anonymous_3)
FN:59,(anonymous_4)
FN:64,(anonymous_5)
FNF:6
FNH:4
FNDA:12,(anonymous_0)
FNDA:1,(anonymous_1)
FNDA:1,(anonymous_2)
FNDA:0,(anonymous_3)
FNDA:0,(anonymous_4)
FNDA:2,(anonymous_5)
DA:25,1
DA:28,1
DA:29,1
DA:30,1
DA:32,0
DA:42,1
DA:47,1
DA:48,1
DA:49,1
DA:53,0
DA:54,0
DA:55,0
DA:56,0
DA:57,0
DA:58,0
DA:59,0
DA:61,0
DA:65,2
DA:66,2
DA:72,1
DA:73,1
DA:74,1
DA:77,1
LF:23
LH:14
BRDA:29,0,0,1
BRDA:29,0,1,0
BRDA:48,1,0,1
BRDA:48,1,1,0
BRDA:73,2,0,1
BRDA:73,2,1,0
BRF:6
BRH:3
end_of_record
TN:
SF:src\components\ListProducts\Listproducts.tsx
FN:8,ListProducts
FN:10,(anonymous_1)
FN:11,(anonymous_2)
FN:15,(anonymous_3)
FN:20,(anonymous_4)
FNF:5
FNH:4
FNDA:4,ListProducts
FNDA:2,(anonymous_1)
FNDA:2,(anonymous_2)
FNDA:2,(anonymous_3)
FNDA:0,(anonymous_4)
DA:9,4
DA:10,3
DA:11,2
DA:12,2
DA:15,3
DA:16,2
DA:18,3
DA:21,0
LF:8
LH:7
BRF:0
BRH:0
end_of_record
TN:
SF:src\components\LogInModal\LoginModal.tsx
FN:7,(anonymous_0)
FN:12,(anonymous_1)
FN:39,(anonymous_2)
FN:49,(anonymous_3)
FNF:4
FNH:4
FNDA:12,(anonymous_0)
FNDA:2,(anonymous_1)
FNDA:2,(anonymous_2)
FNDA:2,(anonymous_3)
DA:7,4
DA:8,12
DA:9,12
DA:10,12
DA:11,12
DA:12,12
DA:13,2
DA:14,2
DA:15,1
DA:16,1
DA:17,1
DA:19,1
DA:20,1
DA:24,12
DA:39,2
DA:49,2
LF:16
LH:16
BRDA:54,0,0,12
BRDA:54,0,1,1
BRF:2
BRH:2
end_of_record
TN:
SF:src\components\OrderSummary\OrderSumary.tsx
FN:3,(anonymous_0)
FN:12,(anonymous_1)
FNF:2
FNH:2
FNDA:3,(anonymous_0)
FNDA:4,(anonymous_1)
DA:3,3
DA:4,3
DA:13,4
LF:3
LH:3
BRDA:12,0,0,3
BRDA:12,0,1,0
BRF:2
BRH:1
end_of_record
TN:
SF:src\components\ProductCard\ProductCard.tsx
FN:9,(anonymous_0)
FN:14,(anonymous_1)
FN:15,(anonymous_2)
FN:17,(anonymous_3)
FN:24,(anonymous_4)
FN:31,(anonymous_5)
FN:37,(anonymous_6)
FN:42,(anonymous_7)
FN:50,(anonymous_8)
FN:64,(anonymous_9)
FN:72,(anonymous_10)
FN:78,(anonymous_11)
FN:79,(anonymous_12)
FNF:13
FNH:5
FNDA:1,(anonymous_0)
FNDA:2,(anonymous_1)
FNDA:2,(anonymous_2)
FNDA:1,(anonymous_3)
FNDA:1,(anonymous_4)
FNDA:0,(anonymous_5)
FNDA:0,(anonymous_6)
FNDA:0,(anonymous_7)
FNDA:0,(anonymous_8)
FNDA:0,(anonymous_9)
FNDA:0,(anonymous_10)
FNDA:0,(anonymous_11)
FNDA:0,(anonymous_12)
DA:9,2
DA:10,1
DA:11,1
DA:12,1
DA:13,1
DA:14,2
DA:15,2
DA:17,1
DA:18,1
DA:19,0
DA:20,0
DA:24,1
DA:25,1
DA:26,0
DA:27,0
DA:31,1
DA:32,0
DA:33,0
DA:34,0
DA:37,1
DA:38,0
DA:39,0
DA:42,1
DA:43,0
DA:44,0
DA:49,1
DA:50,0
DA:64,0
DA:72,0
DA:78,0
DA:79,0
LF:31
LH:15
BRDA:18,0,0,0
BRDA:18,0,1,1
BRDA:25,1,0,0
BRDA:25,1,1,1
BRDA:43,2,0,0
BRDA:43,2,1,0
BRDA:77,3,0,0
BRDA:77,3,1,1
BRF:8
BRH:3
end_of_record
TN:
SF:src\components\ProductDetails\productDetails.tsx
FN:10,(anonymous_0)
FN:11,(anonymous_1)
FN:22,(anonymous_2)
FN:31,(anonymous_3)
FN:35,(anonymous_4)
FN:41,(anonymous_5)
FN:47,(anonymous_6)
FN:56,(anonymous_7)
FN:62,(anonymous_8)
FN:83,(anonymous_9)
FN:89,(anonymous_10)
FN:109,(anonymous_11)
FN:119,(anonymous_12)
FN:128,(anonymous_13)
FN:135,(anonymous_14)
FN:144,(anonymous_15)
FN:161,(anonymous_16)
FN:165,(anonymous_17)
FNF:18
FNH:4
FNDA:3,(anonymous_0)
FNDA:0,(anonymous_1)
FNDA:3,(anonymous_2)
FNDA:3,(anonymous_3)
FNDA:0,(anonymous_4)
FNDA:0,(anonymous_5)
FNDA:0,(anonymous_6)
FNDA:0,(anonymous_7)
FNDA:0,(anonymous_8)
FNDA:6,(anonymous_9)
FNDA:0,(anonymous_10)
FNDA:0,(anonymous_11)
FNDA:0,(anonymous_12)
FNDA:0,(anonymous_13)
FNDA:0,(anonymous_14)
FNDA:0,(anonymous_15)
FNDA:0,(anonymous_16)
FNDA:0,(anonymous_17)
DA:10,3
DA:11,3
DA:13,3
DA:14,3
DA:15,3
DA:16,3
DA:17,3
DA:18,3
DA:20,3
DA:22,3
DA:23,3
DA:24,3
DA:25,3
DA:26,0
DA:31,3
DA:32,3
DA:35,3
DA:36,0
DA:37,0
DA:38,0
DA:41,3
DA:42,0
DA:43,0
DA:47,3
DA:48,0
DA:49,0
DA:50,0
DA:52,0
DA:56,3
DA:57,0
DA:58,0
DA:59,0
DA:62,3
DA:63,0
DA:64,0
DA:66,0
DA:67,0
DA:69,3
DA:84,6
DA:89,0
DA:109,0
DA:119,0
DA:128,0
DA:135,0
DA:144,0
DA:162,0
DA:165,0
LF:47
LH:22
BRDA:13,0,0,3
BRDA:13,0,1,0
BRDA:25,1,0,0
BRDA:25,1,1,3
BRDA:25,2,0,3
BRDA:25,2,1,3
BRDA:25,2,2,0
BRDA:36,3,0,0
BRDA:36,3,1,0
BRDA:42,4,0,0
BRDA:42,4,1,0
BRDA:48,5,0,0
BRDA:48,5,1,0
BRDA:49,6,0,0
BRDA:49,6,1,0
BRDA:49,7,0,0
BRDA:49,7,1,0
BRDA:63,8,0,0
BRDA:63,8,1,0
BRDA:106,9,0,3
BRDA:106,9,1,0
BRDA:142,10,0,0
BRDA:142,10,1,0
BRF:23
BRH:5
end_of_record
TN:
SF:src\components\TransactionForm\transactionForm.tsx
FN:12,(anonymous_0)
FN:25,(anonymous_1)
FN:26,(anonymous_2)
FN:27,(anonymous_3)
FN:36,(anonymous_4)
FN:38,(anonymous_5)
FN:50,(anonymous_6)
FN:90,(anonymous_7)
FN:92,(anonymous_8)
FN:132,(anonymous_9)
FN:136,(anonymous_10)
FN:156,(anonymous_11)
FN:164,(anonymous_12)
FN:172,(anonymous_13)
FN:186,(anonymous_14)
FN:352,(anonymous_15)
FN:370,(anonymous_16)
FNF:17
FNH:9
FNDA:8,(anonymous_0)
FNDA:0,(anonymous_1)
FNDA:0,(anonymous_2)
FNDA:0,(anonymous_3)
FNDA:8,(anonymous_4)
FNDA:5,(anonymous_5)
FNDA:0,(anonymous_6)
FNDA:6,(anonymous_7)
FNDA:0,(anonymous_8)
FNDA:8,(anonymous_9)
FNDA:6,(anonymous_10)
FNDA:0,(anonymous_11)
FNDA:0,(anonymous_12)
FNDA:2,(anonymous_13)
FNDA:0,(anonymous_14)
FNDA:2,(anonymous_15)
FNDA:2,(anonymous_16)
DA:12,4
DA:19,8
DA:25,8
DA:26,8
DA:27,8
DA:28,8
DA:29,8
DA:30,8
DA:31,8
DA:32,8
DA:33,8
DA:34,8
DA:36,8
DA:37,8
DA:38,5
DA:39,5
DA:40,5
DA:41,0
DA:42,0
DA:43,0
DA:45,5
DA:50,8
DA:51,0
DA:52,0
DA:53,0
DA:54,0
DA:69,0
DA:74,0
DA:75,0
DA:76,0
DA:77,0
DA:79,0
DA:80,0
DA:83,0
DA:85,0
DA:90,8
DA:91,6
DA:92,0
DA:93,0
DA:94,0
DA:95,0
DA:102,0
DA:103,0
DA:104,0
DA:105,0
DA:120,0
DA:123,0
DA:124,0
DA:126,0
DA:128,0
DA:129,0
DA:132,8
DA:133,8
DA:136,8
DA:137,6
DA:138,0
DA:139,0
DA:143,8
DA:150,8
DA:156,8
DA:157,0
DA:158,0
DA:164,8
DA:165,0
DA:166,0
DA:172,8
DA:173,2
DA:174,2
DA:179,2
DA:180,2
DA:182,2
DA:183,2
DA:186,8
DA:187,0
DA:188,0
DA:190,0
DA:191,0
DA:192,0
DA:195,0
DA:196,0
DA:197,0
DA:200,0
DA:201,0
DA:202,0
DA:204,0
DA:205,0
DA:206,0
DA:208,8
DA:352,4
DA:353,2
DA:362,2
DA:363,7
DA:364,1
DA:367,1
DA:370,4
DA:371,2
DA:372,2
DA:373,2
DA:375,2
DA:376,19
DA:378,19
DA:379,9
DA:380,9
DA:383,19
DA:384,19
DA:387,2
LF:106
LH:56
BRDA:20,0,0,8
BRDA:20,0,1,8
BRDA:21,1,0,8
BRDA:21,1,1,8
BRDA:22,2,0,8
BRDA:22,2,1,8
BRDA:37,3,0,5
BRDA:37,3,1,3
BRDA:40,4,0,0
BRDA:40,4,1,5
BRDA:40,5,0,5
BRDA:40,5,1,5
BRDA:65,6,0,0
BRDA:65,6,1,0
BRDA:67,7,0,0
BRDA:67,7,1,0
BRDA:75,8,0,0
BRDA:75,8,1,0
BRDA:91,9,0,0
BRDA:91,9,1,6
BRDA:123,10,0,0
BRDA:123,10,1,0
BRDA:126,11,0,0
BRDA:126,11,1,0
BRDA:137,12,0,0
BRDA:137,12,1,6
BRDA:190,13,0,0
BRDA:190,13,1,0
BRDA:195,14,0,0
BRDA:195,14,1,0
BRDA:200,15,0,0
BRDA:200,15,1,0
BRDA:291,16,0,8
BRDA:291,16,1,2
BRDA:294,17,0,1
BRDA:294,17,1,7
BRDA:297,18,0,1
BRDA:297,18,1,7
BRDA:329,19,0,8
BRDA:329,19,1,0
BRDA:363,20,0,1
BRDA:363,20,1,6
BRDA:378,21,0,9
BRDA:378,21,1,10
BRDA:380,22,0,0
BRDA:380,22,1,9
BRF:46
BRH:25
end_of_record
TN:
SF:src\store\store.config.ts
FN:21,(anonymous_0)
FN:33,(anonymous_1)
FN:51,(anonymous_2)
FN:68,(anonymous_3)
FN:84,(anonymous_4)
FN:96,(anonymous_5)
FN:97,(anonymous_6)
FNF:7
FNH:3
FNDA:0,(anonymous_0)
FNDA:0,(anonymous_1)
FNDA:0,(anonymous_2)
FNDA:0,(anonymous_3)
FNDA:5,(anonymous_4)
FNDA:10,(anonymous_5)
FNDA:2,(anonymous_6)
DA:10,5
DA:15,5
DA:22,0
DA:27,5
DA:34,0
DA:39,5
DA:52,0
DA:56,5
DA:69,0
DA:73,5
DA:80,5
DA:82,5
DA:84,5
DA:87,5
DA:88,5
DA:89,5
DA:90,5
DA:94,5
DA:96,10
DA:97,5
LF:20
LH:16
BRF:0
BRH:0
end_of_record
